2023-01-05 14:01:27 INFO  cic.cs.unb.ca.jnetpcap.worker.TrafficFlowWorker    Pcap is listening...
2023-01-05 14:01:43 INFO  cic.cs.unb.ca.flow.ui.FlowMonitorPane    Pcap stop listening
2023-01-05 14:01:43 INFO  cic.cs.unb.ca.flow.ui.FlowMonitorPane    path:/home/valderlan/CICFlowMeter/bin/data/daily/2023-01-05_Flow.csv
2023-01-05 14:01:47 INFO  cic.cs.unb.ca.jnetpcap.worker.TrafficFlowWorker    open dbus-session fail -> dbus-session: Failed to get session bus: /usr/bin/dbus-launch terminated abnormally without any error message
2023-01-05 14:01:57 INFO  cic.cs.unb.ca.flow.ui.FlowMonitorPane    path:/home/valderlan/CICFlowMeter/bin/data/daily/2023-01-05_Flow.csv
2023-01-05 14:02:45 INFO  cic.cs.unb.ca.flow.ui.FlowMonitorPane    path:/home/valderlan/CICFlowMeter/bin/data/daily/2023-01-05_Flow.csv
2023-01-05 14:02:56 INFO  cic.cs.unb.ca.flow.ui.FlowMonitorPane    path:/home/valderlan/CICFlowMeter/bin/data/daily/2023-01-05_Flow.csv
2023-01-05 14:05:33 INFO  cic.cs.unb.ca.flow.ui.FlowMonitorPane    path:/home/valderlan/CICFlowMeter/bin/data/daily/2023-01-05_Flow.csv
2023-01-05 14:20:11 INFO  cic.cs.unb.ca.jnetpcap.worker.TrafficFlowWorker    Pcap is listening...
2023-01-05 14:21:51 INFO  cic.cs.unb.ca.flow.ui.FlowMonitorPane    Pcap stop listening
2023-01-05 14:21:51 INFO  cic.cs.unb.ca.flow.ui.FlowMonitorPane    path:/home/valderlan/CICFlowMeter/bin/data/daily/2023-01-05_Flow.csv
2023-01-05 14:22:13 INFO  cic.cs.unb.ca.flow.ui.FlowMonitorPane    path:/home/valderlan/CICFlowMeter/bin/data/daily/2023-01-05_Flow.csv
2023-01-05 14:22:19 INFO  cic.cs.unb.ca.jnetpcap.worker.TrafficFlowWorker    Pcap is listening...
2023-01-05 14:23:57 INFO  cic.cs.unb.ca.flow.ui.FlowMonitorPane    Pcap stop listening
2023-01-05 14:23:57 INFO  cic.cs.unb.ca.flow.ui.FlowMonitorPane    path:/home/valderlan/CICFlowMeter/bin/data/daily/2023-01-05_Flow.csv
2023-01-05 14:24:00 INFO  cic.cs.unb.ca.jnetpcap.worker.TrafficFlowWorker    Pcap is listening...
2023-01-05 14:33:23 INFO  cic.cs.unb.ca.jnetpcap.worker.TrafficFlowWorker    Pcap is listening...
2023-01-05 14:33:31 DEBUG cic.cs.unb.ca.jnetpcap.FlowGenerator    FlagFIN current has 17 flow
2023-01-05 14:33:31 DEBUG cic.cs.unb.ca.jnetpcap.FlowGenerator    FlagFIN current has 17 flow
2023-01-05 14:33:31 DEBUG cic.cs.unb.ca.jnetpcap.FlowGenerator    FlagFIN current has 37 flow
2023-01-05 14:33:31 DEBUG cic.cs.unb.ca.jnetpcap.FlowGenerator    FlagFIN current has 37 flow
2023-01-05 14:34:04 INFO  cic.cs.unb.ca.jnetpcap.worker.TrafficFlowWorker    Pcap is listening...
2023-01-05 14:34:30 INFO  cic.cs.unb.ca.flow.ui.FlowMonitorPane    Pcap stop listening
2023-01-05 14:34:30 INFO  cic.cs.unb.ca.flow.ui.FlowMonitorPane    path:/home/valderlan/CICFlowMeterv4/bin/data/daily/2023-01-05_Flow.csv
2023-01-05 14:34:34 INFO  cic.cs.unb.ca.jnetpcap.worker.TrafficFlowWorker    Pcap is listening...
2023-01-05 14:34:39 INFO  cic.cs.unb.ca.flow.ui.FlowMonitorPane    Pcap stop listening
2023-01-05 14:34:39 INFO  cic.cs.unb.ca.flow.ui.FlowMonitorPane    path:/home/valderlan/CICFlowMeterv4/bin/data/daily/2023-01-05_Flow.csv
2023-01-05 14:36:24 INFO  cic.cs.unb.ca.jnetpcap.worker.TrafficFlowWorker    Pcap is listening...
2023-01-05 14:36:28 DEBUG cic.cs.unb.ca.jnetpcap.FlowGenerator    FlagFIN current has 65 flow
2023-01-05 14:36:28 DEBUG cic.cs.unb.ca.jnetpcap.FlowGenerator    FlagFIN current has 64 flow
2023-01-05 14:36:28 DEBUG cic.cs.unb.ca.jnetpcap.FlowGenerator    FlagFIN current has 64 flow
2023-01-05 14:36:28 DEBUG cic.cs.unb.ca.jnetpcap.FlowGenerator    FlagFIN current has 65 flow
2023-01-05 14:36:28 DEBUG cic.cs.unb.ca.jnetpcap.FlowGenerator    FlagFIN current has 64 flow
2023-01-05 14:36:28 DEBUG cic.cs.unb.ca.jnetpcap.FlowGenerator    FlagFIN current has 65 flow
2023-01-05 14:36:31 DEBUG cic.cs.unb.ca.jnetpcap.FlowGenerator    FlagFIN current has 116 flow
2023-01-05 14:36:31 DEBUG cic.cs.unb.ca.jnetpcap.FlowGenerator    FlagFIN current has 119 flow
2023-01-05 14:36:31 DEBUG cic.cs.unb.ca.jnetpcap.FlowGenerator    FlagFIN current has 122 flow
2023-01-05 14:36:31 DEBUG cic.cs.unb.ca.jnetpcap.FlowGenerator    FlagFIN current has 122 flow
2023-01-05 14:36:31 DEBUG cic.cs.unb.ca.jnetpcap.FlowGenerator    FlagFIN current has 127 flow
2023-01-05 14:36:31 DEBUG cic.cs.unb.ca.jnetpcap.FlowGenerator    FlagFIN current has 127 flow
2023-01-05 14:36:31 DEBUG cic.cs.unb.ca.jnetpcap.FlowGenerator    FlagFIN current has 130 flow
2023-01-05 14:36:31 DEBUG cic.cs.unb.ca.jnetpcap.FlowGenerator    FlagFIN current has 132 flow
2023-01-05 14:36:31 DEBUG cic.cs.unb.ca.jnetpcap.FlowGenerator    FlagFIN current has 146 flow
2023-01-05 14:36:31 DEBUG cic.cs.unb.ca.jnetpcap.FlowGenerator    FlagFIN current has 148 flow
2023-01-05 14:36:51 DEBUG cic.cs.unb.ca.jnetpcap.FlowGenerator    FlagFIN current has 174 flow
2023-01-05 14:36:51 DEBUG cic.cs.unb.ca.jnetpcap.FlowGenerator    FlagFIN current has 183 flow
2023-01-05 14:36:51 DEBUG cic.cs.unb.ca.jnetpcap.FlowGenerator    FlagFIN current has 187 flow
2023-01-05 14:37:12 DEBUG cic.cs.unb.ca.jnetpcap.FlowGenerator    FlagFIN current has 191 flow
2023-01-05 14:37:12 DEBUG cic.cs.unb.ca.jnetpcap.FlowGenerator    FlagFIN current has 195 flow
2023-01-05 14:37:12 DEBUG cic.cs.unb.ca.jnetpcap.FlowGenerator    FlagFIN current has 195 flow
2023-01-05 14:37:12 DEBUG cic.cs.unb.ca.jnetpcap.FlowGenerator    FlagFIN current has 296 flow
2023-01-05 14:37:12 DEBUG cic.cs.unb.ca.jnetpcap.FlowGenerator    FlagFIN current has 296 flow
2023-01-05 14:37:12 DEBUG cic.cs.unb.ca.jnetpcap.FlowGenerator    FlagFIN current has 315 flow
2023-01-05 14:37:12 DEBUG cic.cs.unb.ca.jnetpcap.FlowGenerator    FlagFIN current has 318 flow
2023-01-05 14:37:12 DEBUG cic.cs.unb.ca.jnetpcap.FlowGenerator    FlagFIN current has 319 flow
2023-01-05 14:37:12 DEBUG cic.cs.unb.ca.jnetpcap.FlowGenerator    FlagFIN current has 319 flow
2023-01-05 14:37:12 DEBUG cic.cs.unb.ca.jnetpcap.FlowGenerator    FlagFIN current has 319 flow
2023-01-05 14:37:12 DEBUG cic.cs.unb.ca.jnetpcap.FlowGenerator    FlagFIN current has 318 flow
2023-01-05 14:37:12 DEBUG cic.cs.unb.ca.jnetpcap.FlowGenerator    FlagFIN current has 317 flow
2023-01-05 14:37:12 DEBUG cic.cs.unb.ca.jnetpcap.FlowGenerator    FlagFIN current has 333 flow
2023-01-05 14:37:12 DEBUG cic.cs.unb.ca.jnetpcap.FlowGenerator    FlagFIN current has 341 flow
2023-01-05 14:37:12 DEBUG cic.cs.unb.ca.jnetpcap.FlowGenerator    FlagFIN current has 341 flow
2023-01-05 14:37:12 DEBUG cic.cs.unb.ca.jnetpcap.FlowGenerator    FlagFIN current has 340 flow
2023-01-05 14:37:12 DEBUG cic.cs.unb.ca.jnetpcap.FlowGenerator    FlagFIN current has 341 flow
2023-01-05 14:37:12 DEBUG cic.cs.unb.ca.jnetpcap.FlowGenerator    FlagFIN current has 356 flow
2023-01-05 14:37:12 DEBUG cic.cs.unb.ca.jnetpcap.FlowGenerator    FlagFIN current has 355 flow
2023-01-05 14:37:12 DEBUG cic.cs.unb.ca.jnetpcap.FlowGenerator    FlagFIN current has 363 flow
2023-01-05 14:37:12 DEBUG cic.cs.unb.ca.jnetpcap.FlowGenerator    FlagFIN current has 363 flow
2023-01-05 14:37:13 DEBUG cic.cs.unb.ca.jnetpcap.FlowGenerator    FlagFIN current has 373 flow
2023-01-05 14:37:13 DEBUG cic.cs.unb.ca.jnetpcap.FlowGenerator    FlagFIN current has 375 flow
2023-01-05 14:37:13 DEBUG cic.cs.unb.ca.jnetpcap.FlowGenerator    FlagFIN current has 375 flow
2023-01-05 14:37:13 DEBUG cic.cs.unb.ca.jnetpcap.FlowGenerator    FlagFIN current has 377 flow
2023-01-05 14:37:13 DEBUG cic.cs.unb.ca.jnetpcap.FlowGenerator    FlagFIN current has 384 flow
2023-01-05 14:37:13 DEBUG cic.cs.unb.ca.jnetpcap.FlowGenerator    FlagFIN current has 384 flow
2023-01-05 14:37:13 DEBUG cic.cs.unb.ca.jnetpcap.FlowGenerator    FlagFIN current has 384 flow
2023-01-05 14:37:13 DEBUG cic.cs.unb.ca.jnetpcap.FlowGenerator    FlagFIN current has 389 flow
2023-01-05 14:37:13 DEBUG cic.cs.unb.ca.jnetpcap.FlowGenerator    FlagFIN current has 424 flow
2023-01-05 14:37:14 DEBUG cic.cs.unb.ca.jnetpcap.FlowGenerator    FlagFIN current has 473 flow
2023-01-05 14:37:14 DEBUG cic.cs.unb.ca.jnetpcap.FlowGenerator    FlagFIN current has 473 flow
2023-01-05 14:37:14 DEBUG cic.cs.unb.ca.jnetpcap.FlowGenerator    FlagFIN current has 473 flow
2023-01-05 14:37:14 DEBUG cic.cs.unb.ca.jnetpcap.FlowGenerator    FlagFIN current has 472 flow
2023-01-05 14:37:14 DEBUG cic.cs.unb.ca.jnetpcap.FlowGenerator    FlagFIN current has 485 flow
2023-01-05 14:37:14 DEBUG cic.cs.unb.ca.jnetpcap.FlowGenerator    FlagFIN current has 503 flow
2023-01-05 14:37:14 DEBUG cic.cs.unb.ca.jnetpcap.FlowGenerator    FlagFIN current has 503 flow
2023-01-05 14:37:14 DEBUG cic.cs.unb.ca.jnetpcap.FlowGenerator    FlagFIN current has 502 flow
2023-01-05 14:37:14 DEBUG cic.cs.unb.ca.jnetpcap.FlowGenerator    FlagFIN current has 503 flow
2023-01-05 14:37:14 DEBUG cic.cs.unb.ca.jnetpcap.FlowGenerator    FlagFIN current has 508 flow
2023-01-05 14:37:15 DEBUG cic.cs.unb.ca.jnetpcap.FlowGenerator    FlagFIN current has 558 flow
2023-01-05 14:37:15 DEBUG cic.cs.unb.ca.jnetpcap.FlowGenerator    FlagFIN current has 566 flow
2023-01-05 14:37:16 DEBUG cic.cs.unb.ca.jnetpcap.FlowGenerator    FlagFIN current has 618 flow
2023-01-05 14:37:16 DEBUG cic.cs.unb.ca.jnetpcap.FlowGenerator    FlagFIN current has 685 flow
2023-01-05 14:37:16 DEBUG cic.cs.unb.ca.jnetpcap.FlowGenerator    FlagFIN current has 685 flow
2023-01-05 14:37:18 DEBUG cic.cs.unb.ca.jnetpcap.FlowGenerator    FlagFIN current has 697 flow
2023-01-05 14:37:18 DEBUG cic.cs.unb.ca.jnetpcap.FlowGenerator    FlagFIN current has 715 flow
2023-01-05 14:37:18 DEBUG cic.cs.unb.ca.jnetpcap.FlowGenerator    FlagFIN current has 715 flow
2023-01-05 14:37:18 DEBUG cic.cs.unb.ca.jnetpcap.FlowGenerator    FlagFIN current has 721 flow
2023-01-05 14:37:18 DEBUG cic.cs.unb.ca.jnetpcap.FlowGenerator    FlagFIN current has 721 flow
2023-01-05 14:37:18 DEBUG cic.cs.unb.ca.jnetpcap.FlowGenerator    FlagFIN current has 729 flow
2023-01-05 14:37:18 DEBUG cic.cs.unb.ca.jnetpcap.FlowGenerator    FlagFIN current has 737 flow
2023-01-05 14:37:43 DEBUG cic.cs.unb.ca.jnetpcap.FlowGenerator    FlagFIN current has 766 flow
2023-01-05 14:37:43 DEBUG cic.cs.unb.ca.jnetpcap.FlowGenerator    FlagFIN current has 765 flow
2023-01-05 14:37:43 DEBUG cic.cs.unb.ca.jnetpcap.FlowGenerator    FlagFIN current has 764 flow
2023-01-05 14:37:43 DEBUG cic.cs.unb.ca.jnetpcap.FlowGenerator    FlagFIN current has 763 flow
2023-01-05 14:37:43 DEBUG cic.cs.unb.ca.jnetpcap.FlowGenerator    FlagFIN current has 764 flow
2023-01-05 14:37:43 DEBUG cic.cs.unb.ca.jnetpcap.FlowGenerator    FlagFIN current has 764 flow
2023-01-05 14:37:43 DEBUG cic.cs.unb.ca.jnetpcap.FlowGenerator    FlagFIN current has 766 flow
2023-01-05 14:37:43 DEBUG cic.cs.unb.ca.jnetpcap.FlowGenerator    FlagFIN current has 766 flow
2023-01-05 14:37:43 DEBUG cic.cs.unb.ca.jnetpcap.FlowGenerator    FlagFIN current has 767 flow
2023-01-05 14:37:43 DEBUG cic.cs.unb.ca.jnetpcap.FlowGenerator    FlagFIN current has 767 flow
2023-01-05 14:37:43 DEBUG cic.cs.unb.ca.jnetpcap.FlowGenerator    FlagFIN current has 767 flow
2023-01-05 14:37:43 DEBUG cic.cs.unb.ca.jnetpcap.FlowGenerator    FlagFIN current has 767 flow
2023-01-05 14:37:43 DEBUG cic.cs.unb.ca.jnetpcap.FlowGenerator    FlagFIN current has 767 flow
2023-01-05 14:37:43 DEBUG cic.cs.unb.ca.jnetpcap.FlowGenerator    FlagFIN current has 767 flow
2023-01-05 14:37:43 DEBUG cic.cs.unb.ca.jnetpcap.FlowGenerator    FlagFIN current has 767 flow
2023-01-05 14:37:43 DEBUG cic.cs.unb.ca.jnetpcap.FlowGenerator    FlagFIN current has 767 flow
2023-01-05 14:37:43 DEBUG cic.cs.unb.ca.jnetpcap.FlowGenerator    FlagFIN current has 766 flow
2023-01-05 14:37:43 DEBUG cic.cs.unb.ca.jnetpcap.FlowGenerator    FlagFIN current has 766 flow
2023-01-05 14:37:43 DEBUG cic.cs.unb.ca.jnetpcap.FlowGenerator    FlagFIN current has 767 flow
2023-01-05 14:37:43 DEBUG cic.cs.unb.ca.jnetpcap.FlowGenerator    FlagFIN current has 767 flow
2023-01-05 14:37:43 DEBUG cic.cs.unb.ca.jnetpcap.FlowGenerator    FlagFIN current has 766 flow
2023-01-05 14:37:43 DEBUG cic.cs.unb.ca.jnetpcap.FlowGenerator    FlagFIN current has 766 flow
2023-01-05 14:37:43 DEBUG cic.cs.unb.ca.jnetpcap.FlowGenerator    FlagFIN current has 767 flow
2023-01-05 14:37:43 DEBUG cic.cs.unb.ca.jnetpcap.FlowGenerator    FlagFIN current has 767 flow
2023-01-05 14:37:43 DEBUG cic.cs.unb.ca.jnetpcap.FlowGenerator    FlagFIN current has 766 flow
2023-01-05 14:37:43 DEBUG cic.cs.unb.ca.jnetpcap.FlowGenerator    FlagFIN current has 766 flow
2023-01-05 14:37:43 DEBUG cic.cs.unb.ca.jnetpcap.FlowGenerator    FlagFIN current has 765 flow
2023-01-05 14:37:43 DEBUG cic.cs.unb.ca.jnetpcap.FlowGenerator    FlagFIN current has 765 flow
2023-01-05 14:37:43 DEBUG cic.cs.unb.ca.jnetpcap.FlowGenerator    FlagFIN current has 767 flow
2023-01-05 14:37:43 DEBUG cic.cs.unb.ca.jnetpcap.FlowGenerator    FlagFIN current has 767 flow
2023-01-05 14:37:43 DEBUG cic.cs.unb.ca.jnetpcap.FlowGenerator    FlagFIN current has 766 flow
2023-01-05 14:37:43 DEBUG cic.cs.unb.ca.jnetpcap.FlowGenerator    FlagFIN current has 766 flow
2023-01-05 14:37:43 DEBUG cic.cs.unb.ca.jnetpcap.FlowGenerator    FlagFIN current has 767 flow
2023-01-05 14:37:43 DEBUG cic.cs.unb.ca.jnetpcap.FlowGenerator    FlagFIN current has 779 flow
2023-01-05 14:37:43 DEBUG cic.cs.unb.ca.jnetpcap.FlowGenerator    FlagFIN current has 779 flow
2023-01-05 14:37:43 DEBUG cic.cs.unb.ca.jnetpcap.FlowGenerator    FlagFIN current has 779 flow
2023-01-05 14:37:43 DEBUG cic.cs.unb.ca.jnetpcap.FlowGenerator    FlagFIN current has 779 flow
2023-01-05 14:37:43 DEBUG cic.cs.unb.ca.jnetpcap.FlowGenerator    FlagFIN current has 779 flow
2023-01-05 14:37:43 DEBUG cic.cs.unb.ca.jnetpcap.FlowGenerator    FlagFIN current has 779 flow
2023-01-05 14:37:43 DEBUG cic.cs.unb.ca.jnetpcap.FlowGenerator    FlagFIN current has 778 flow
2023-01-05 14:37:43 DEBUG cic.cs.unb.ca.jnetpcap.FlowGenerator    FlagFIN current has 777 flow
2023-01-05 14:37:43 DEBUG cic.cs.unb.ca.jnetpcap.FlowGenerator    FlagFIN current has 777 flow
2023-01-05 14:37:43 DEBUG cic.cs.unb.ca.jnetpcap.FlowGenerator    FlagFIN current has 777 flow
2023-01-05 14:37:43 DEBUG cic.cs.unb.ca.jnetpcap.FlowGenerator    FlagFIN current has 776 flow
2023-01-05 14:37:43 DEBUG cic.cs.unb.ca.jnetpcap.FlowGenerator    FlagFIN current has 776 flow
2023-01-05 14:37:43 DEBUG cic.cs.unb.ca.jnetpcap.FlowGenerator    FlagFIN current has 776 flow
2023-01-05 14:37:43 DEBUG cic.cs.unb.ca.jnetpcap.FlowGenerator    FlagFIN current has 778 flow
2023-01-05 14:37:43 DEBUG cic.cs.unb.ca.jnetpcap.FlowGenerator    FlagFIN current has 778 flow
2023-01-05 14:37:43 DEBUG cic.cs.unb.ca.jnetpcap.FlowGenerator    FlagFIN current has 778 flow
2023-01-05 14:37:43 DEBUG cic.cs.unb.ca.jnetpcap.FlowGenerator    FlagFIN current has 778 flow
2023-01-05 14:37:43 DEBUG cic.cs.unb.ca.jnetpcap.FlowGenerator    FlagFIN current has 778 flow
2023-01-05 14:37:43 DEBUG cic.cs.unb.ca.jnetpcap.FlowGenerator    FlagFIN current has 778 flow
2023-01-05 14:37:43 DEBUG cic.cs.unb.ca.jnetpcap.FlowGenerator    FlagFIN current has 821 flow
2023-01-05 14:37:43 DEBUG cic.cs.unb.ca.jnetpcap.FlowGenerator    FlagFIN current has 821 flow
2023-01-05 14:37:43 DEBUG cic.cs.unb.ca.jnetpcap.FlowGenerator    FlagFIN current has 820 flow
2023-01-05 14:37:43 DEBUG cic.cs.unb.ca.jnetpcap.FlowGenerator    FlagFIN current has 820 flow
2023-01-05 14:37:43 DEBUG cic.cs.unb.ca.jnetpcap.FlowGenerator    FlagFIN current has 821 flow
2023-01-05 14:37:43 DEBUG cic.cs.unb.ca.jnetpcap.FlowGenerator    FlagFIN current has 821 flow
2023-01-05 14:38:09 DEBUG cic.cs.unb.ca.jnetpcap.FlowGenerator    FlagFIN current has 828 flow
2023-01-05 14:38:09 DEBUG cic.cs.unb.ca.jnetpcap.FlowGenerator    FlagFIN current has 828 flow
2023-01-05 14:38:09 DEBUG cic.cs.unb.ca.jnetpcap.FlowGenerator    FlagFIN current has 829 flow
2023-01-05 14:38:09 DEBUG cic.cs.unb.ca.jnetpcap.FlowGenerator    FlagFIN current has 829 flow
2023-01-05 14:38:09 DEBUG cic.cs.unb.ca.jnetpcap.FlowGenerator    FlagFIN current has 828 flow
2023-01-05 14:38:09 DEBUG cic.cs.unb.ca.jnetpcap.FlowGenerator    FlagFIN current has 828 flow
2023-01-05 14:38:09 DEBUG cic.cs.unb.ca.jnetpcap.FlowGenerator    FlagFIN current has 839 flow
2023-01-05 14:38:09 DEBUG cic.cs.unb.ca.jnetpcap.FlowGenerator    FlagFIN current has 839 flow
2023-01-05 14:38:25 DEBUG cic.cs.unb.ca.jnetpcap.FlowGenerator    FlagFIN current has 839 flow
2023-01-05 14:38:25 DEBUG cic.cs.unb.ca.jnetpcap.FlowGenerator    FlagFIN current has 839 flow
2023-01-05 14:38:25 DEBUG cic.cs.unb.ca.jnetpcap.FlowGenerator    FlagFIN current has 839 flow
2023-01-05 14:38:25 DEBUG cic.cs.unb.ca.jnetpcap.FlowGenerator    FlagFIN current has 842 flow
2023-01-05 14:38:25 DEBUG cic.cs.unb.ca.jnetpcap.FlowGenerator    FlagFIN current has 842 flow
2023-01-05 14:38:25 DEBUG cic.cs.unb.ca.jnetpcap.FlowGenerator    FlagFIN current has 904 flow
2023-01-05 14:38:25 DEBUG cic.cs.unb.ca.jnetpcap.FlowGenerator    FlagFIN current has 905 flow
2023-01-05 14:38:25 DEBUG cic.cs.unb.ca.jnetpcap.FlowGenerator    FlagFIN current has 905 flow
2023-01-05 14:38:25 DEBUG cic.cs.unb.ca.jnetpcap.FlowGenerator    FlagFIN current has 905 flow
2023-01-05 14:38:25 DEBUG cic.cs.unb.ca.jnetpcap.FlowGenerator    FlagFIN current has 905 flow
2023-01-05 14:38:25 DEBUG cic.cs.unb.ca.jnetpcap.FlowGenerator    FlagFIN current has 905 flow
2023-01-05 14:38:25 DEBUG cic.cs.unb.ca.jnetpcap.FlowGenerator    FlagFIN current has 926 flow
2023-01-05 14:38:25 DEBUG cic.cs.unb.ca.jnetpcap.FlowGenerator    FlagFIN current has 927 flow
2023-01-05 14:38:25 DEBUG cic.cs.unb.ca.jnetpcap.FlowGenerator    FlagFIN current has 939 flow
2023-01-05 14:38:25 DEBUG cic.cs.unb.ca.jnetpcap.FlowGenerator    FlagFIN current has 939 flow
2023-01-05 14:38:26 DEBUG cic.cs.unb.ca.jnetpcap.FlowGenerator    FlagFIN current has 946 flow
2023-01-05 14:38:26 DEBUG cic.cs.unb.ca.jnetpcap.FlowGenerator    FlagFIN current has 946 flow
2023-01-05 14:38:26 DEBUG cic.cs.unb.ca.jnetpcap.FlowGenerator    FlagFIN current has 967 flow
2023-01-05 14:38:26 DEBUG cic.cs.unb.ca.jnetpcap.FlowGenerator    FlagFIN current has 967 flow
2023-01-05 14:38:26 DEBUG cic.cs.unb.ca.jnetpcap.FlowGenerator    FlagFIN current has 974 flow
2023-01-05 14:38:26 DEBUG cic.cs.unb.ca.jnetpcap.FlowGenerator    FlagFIN current has 974 flow
2023-01-05 14:38:26 DEBUG cic.cs.unb.ca.jnetpcap.FlowGenerator    FlagFIN current has 989 flow
2023-01-05 14:38:26 DEBUG cic.cs.unb.ca.jnetpcap.FlowGenerator    FlagFIN current has 989 flow
2023-01-05 14:38:26 DEBUG cic.cs.unb.ca.jnetpcap.FlowGenerator    FlagFIN current has 989 flow
2023-01-05 14:38:26 DEBUG cic.cs.unb.ca.jnetpcap.FlowGenerator    FlagFIN current has 989 flow
2023-01-05 14:38:26 DEBUG cic.cs.unb.ca.jnetpcap.FlowGenerator    FlagFIN current has 989 flow
2023-01-05 14:38:26 DEBUG cic.cs.unb.ca.jnetpcap.FlowGenerator    FlagFIN current has 989 flow
2023-01-05 14:38:26 DEBUG cic.cs.unb.ca.jnetpcap.FlowGenerator    FlagFIN current has 989 flow
2023-01-05 14:38:26 DEBUG cic.cs.unb.ca.jnetpcap.FlowGenerator    FlagFIN current has 988 flow
2023-01-05 14:38:26 DEBUG cic.cs.unb.ca.jnetpcap.FlowGenerator    FlagFIN current has 988 flow
2023-01-05 14:38:26 DEBUG cic.cs.unb.ca.jnetpcap.FlowGenerator    FlagFIN current has 988 flow
2023-01-05 14:38:26 DEBUG cic.cs.unb.ca.jnetpcap.FlowGenerator    FlagFIN current has 987 flow
2023-01-05 14:38:26 DEBUG cic.cs.unb.ca.jnetpcap.FlowGenerator    FlagFIN current has 987 flow
2023-01-05 14:38:26 DEBUG cic.cs.unb.ca.jnetpcap.FlowGenerator    FlagFIN current has 986 flow
2023-01-05 14:38:26 DEBUG cic.cs.unb.ca.jnetpcap.FlowGenerator    FlagFIN current has 985 flow
2023-01-05 14:38:26 DEBUG cic.cs.unb.ca.jnetpcap.FlowGenerator    FlagFIN current has 985 flow
2023-01-05 14:38:26 DEBUG cic.cs.unb.ca.jnetpcap.FlowGenerator    FlagFIN current has 985 flow
2023-01-05 14:38:26 DEBUG cic.cs.unb.ca.jnetpcap.FlowGenerator    FlagFIN current has 984 flow
2023-01-05 14:38:26 DEBUG cic.cs.unb.ca.jnetpcap.FlowGenerator    FlagFIN current has 984 flow
2023-01-05 14:38:27 DEBUG cic.cs.unb.ca.jnetpcap.FlowGenerator    FlagFIN current has 990 flow
2023-01-05 14:38:27 DEBUG cic.cs.unb.ca.jnetpcap.FlowGenerator    FlagFIN current has 990 flow
2023-01-05 14:38:31 DEBUG cic.cs.unb.ca.jnetpcap.FlowGenerator    FlagFIN current has 995 flow
2023-01-05 14:38:31 DEBUG cic.cs.unb.ca.jnetpcap.FlowGenerator    FlagFIN current has 995 flow
2023-01-05 14:38:31 DEBUG cic.cs.unb.ca.jnetpcap.FlowGenerator    FlagFIN current has 995 flow
2023-01-05 14:39:32 DEBUG cic.cs.unb.ca.jnetpcap.FlowGenerator    FlagFIN current has 995 flow
2023-01-05 14:39:32 DEBUG cic.cs.unb.ca.jnetpcap.FlowGenerator    FlagFIN current has 995 flow
2023-01-05 14:39:32 DEBUG cic.cs.unb.ca.jnetpcap.FlowGenerator    FlagFIN current has 995 flow
2023-01-05 14:39:32 DEBUG cic.cs.unb.ca.jnetpcap.FlowGenerator    FlagFIN current has 994 flow
2023-01-05 14:39:32 DEBUG cic.cs.unb.ca.jnetpcap.FlowGenerator    FlagFIN current has 993 flow
2023-01-05 14:39:32 DEBUG cic.cs.unb.ca.jnetpcap.FlowGenerator    FlagFIN current has 995 flow
2023-01-05 14:39:32 DEBUG cic.cs.unb.ca.jnetpcap.FlowGenerator    FlagFIN current has 995 flow
2023-01-05 14:39:32 DEBUG cic.cs.unb.ca.jnetpcap.FlowGenerator    FlagFIN current has 995 flow
2023-01-05 14:39:32 DEBUG cic.cs.unb.ca.jnetpcap.FlowGenerator    FlagFIN current has 995 flow
2023-01-05 14:39:32 DEBUG cic.cs.unb.ca.jnetpcap.FlowGenerator    FlagFIN current has 994 flow
2023-01-05 14:39:32 DEBUG cic.cs.unb.ca.jnetpcap.FlowGenerator    FlagFIN current has 994 flow
2023-01-05 14:39:32 DEBUG cic.cs.unb.ca.jnetpcap.FlowGenerator    FlagFIN current has 995 flow
2023-01-05 14:39:32 DEBUG cic.cs.unb.ca.jnetpcap.FlowGenerator    FlagFIN current has 995 flow
2023-01-05 14:39:32 DEBUG cic.cs.unb.ca.jnetpcap.FlowGenerator    FlagFIN current has 995 flow
2023-01-05 14:39:32 DEBUG cic.cs.unb.ca.jnetpcap.FlowGenerator    FlagFIN current has 995 flow
2023-01-05 14:39:32 DEBUG cic.cs.unb.ca.jnetpcap.FlowGenerator    FlagFIN current has 995 flow
2023-01-05 14:39:32 DEBUG cic.cs.unb.ca.jnetpcap.FlowGenerator    FlagFIN current has 995 flow
2023-01-05 14:39:32 DEBUG cic.cs.unb.ca.jnetpcap.FlowGenerator    FlagFIN current has 995 flow
2023-01-05 14:39:32 DEBUG cic.cs.unb.ca.jnetpcap.FlowGenerator    FlagFIN current has 995 flow
2023-01-05 14:39:32 DEBUG cic.cs.unb.ca.jnetpcap.FlowGenerator    FlagFIN current has 995 flow
2023-01-05 14:39:32 DEBUG cic.cs.unb.ca.jnetpcap.FlowGenerator    FlagFIN current has 995 flow
2023-01-05 14:39:32 DEBUG cic.cs.unb.ca.jnetpcap.FlowGenerator    FlagFIN current has 994 flow
2023-01-05 14:39:32 DEBUG cic.cs.unb.ca.jnetpcap.FlowGenerator    FlagFIN current has 995 flow
2023-01-05 14:39:32 DEBUG cic.cs.unb.ca.jnetpcap.FlowGenerator    FlagFIN current has 995 flow
2023-01-05 14:39:32 DEBUG cic.cs.unb.ca.jnetpcap.FlowGenerator    FlagFIN current has 995 flow
2023-01-05 14:39:32 DEBUG cic.cs.unb.ca.jnetpcap.FlowGenerator    FlagFIN current has 995 flow
2023-01-05 14:39:32 DEBUG cic.cs.unb.ca.jnetpcap.FlowGenerator    FlagFIN current has 995 flow
2023-01-05 14:39:32 DEBUG cic.cs.unb.ca.jnetpcap.FlowGenerator    FlagFIN current has 994 flow
2023-01-05 14:39:32 DEBUG cic.cs.unb.ca.jnetpcap.FlowGenerator    FlagFIN current has 995 flow
2023-01-05 14:39:32 DEBUG cic.cs.unb.ca.jnetpcap.FlowGenerator    FlagFIN current has 994 flow
2023-01-05 14:39:32 DEBUG cic.cs.unb.ca.jnetpcap.FlowGenerator    FlagFIN current has 993 flow
2023-01-05 14:39:32 DEBUG cic.cs.unb.ca.jnetpcap.FlowGenerator    FlagFIN current has 995 flow
2023-01-05 14:39:32 DEBUG cic.cs.unb.ca.jnetpcap.FlowGenerator    FlagFIN current has 995 flow
2023-01-05 14:39:32 DEBUG cic.cs.unb.ca.jnetpcap.FlowGenerator    FlagFIN current has 994 flow
2023-01-05 14:39:32 DEBUG cic.cs.unb.ca.jnetpcap.FlowGenerator    FlagFIN current has 994 flow
2023-01-05 14:39:32 DEBUG cic.cs.unb.ca.jnetpcap.FlowGenerator    FlagFIN current has 995 flow
2023-01-05 14:39:32 DEBUG cic.cs.unb.ca.jnetpcap.FlowGenerator    FlagFIN current has 995 flow
2023-01-05 14:39:32 DEBUG cic.cs.unb.ca.jnetpcap.FlowGenerator    FlagFIN current has 994 flow
2023-01-05 14:39:32 DEBUG cic.cs.unb.ca.jnetpcap.FlowGenerator    FlagFIN current has 993 flow
2023-01-05 14:39:32 DEBUG cic.cs.unb.ca.jnetpcap.FlowGenerator    FlagFIN current has 995 flow
2023-01-05 14:39:32 DEBUG cic.cs.unb.ca.jnetpcap.FlowGenerator    FlagFIN current has 995 flow
2023-01-05 14:39:32 DEBUG cic.cs.unb.ca.jnetpcap.FlowGenerator    FlagFIN current has 995 flow
2023-01-05 14:39:32 DEBUG cic.cs.unb.ca.jnetpcap.FlowGenerator    FlagFIN current has 995 flow
2023-01-05 14:39:32 DEBUG cic.cs.unb.ca.jnetpcap.FlowGenerator    FlagFIN current has 994 flow
2023-01-05 14:40:03 DEBUG cic.cs.unb.ca.jnetpcap.FlowGenerator    FlagFIN current has 1017 flow
2023-01-05 14:40:03 DEBUG cic.cs.unb.ca.jnetpcap.FlowGenerator    FlagFIN current has 1017 flow
2023-01-05 14:40:03 DEBUG cic.cs.unb.ca.jnetpcap.FlowGenerator    FlagFIN current has 1025 flow
2023-01-05 14:40:03 DEBUG cic.cs.unb.ca.jnetpcap.FlowGenerator    FlagFIN current has 1024 flow
2023-01-05 14:40:03 DEBUG cic.cs.unb.ca.jnetpcap.FlowGenerator    FlagFIN current has 1023 flow
2023-01-05 14:40:03 DEBUG cic.cs.unb.ca.jnetpcap.FlowGenerator    FlagFIN current has 1022 flow
2023-01-05 14:40:03 DEBUG cic.cs.unb.ca.jnetpcap.FlowGenerator    FlagFIN current has 1021 flow
2023-01-05 14:40:03 DEBUG cic.cs.unb.ca.jnetpcap.FlowGenerator    FlagFIN current has 1021 flow
2023-01-05 14:40:03 DEBUG cic.cs.unb.ca.jnetpcap.FlowGenerator    FlagFIN current has 1020 flow
2023-01-05 14:40:03 DEBUG cic.cs.unb.ca.jnetpcap.FlowGenerator    FlagFIN current has 1022 flow
2023-01-05 14:40:03 DEBUG cic.cs.unb.ca.jnetpcap.FlowGenerator    FlagFIN current has 1022 flow
2023-01-05 14:40:03 DEBUG cic.cs.unb.ca.jnetpcap.FlowGenerator    FlagFIN current has 1023 flow
2023-01-05 14:40:03 DEBUG cic.cs.unb.ca.jnetpcap.FlowGenerator    FlagFIN current has 1025 flow
2023-01-05 14:40:03 DEBUG cic.cs.unb.ca.jnetpcap.FlowGenerator    FlagFIN current has 1025 flow
2023-01-05 14:40:03 DEBUG cic.cs.unb.ca.jnetpcap.FlowGenerator    FlagFIN current has 1029 flow
2023-01-05 14:40:03 DEBUG cic.cs.unb.ca.jnetpcap.FlowGenerator    FlagFIN current has 1029 flow
2023-01-05 14:40:06 DEBUG cic.cs.unb.ca.jnetpcap.FlowGenerator    FlagFIN current has 1031 flow
2023-01-05 14:40:06 DEBUG cic.cs.unb.ca.jnetpcap.FlowGenerator    FlagFIN current has 1030 flow
2023-01-05 14:40:06 DEBUG cic.cs.unb.ca.jnetpcap.FlowGenerator    FlagFIN current has 1029 flow
2023-01-05 14:40:06 DEBUG cic.cs.unb.ca.jnetpcap.FlowGenerator    FlagFIN current has 1028 flow
2023-01-05 14:40:06 DEBUG cic.cs.unb.ca.jnetpcap.FlowGenerator    FlagFIN current has 1027 flow
2023-01-05 14:40:06 DEBUG cic.cs.unb.ca.jnetpcap.FlowGenerator    FlagFIN current has 1026 flow
2023-01-05 14:40:06 DEBUG cic.cs.unb.ca.jnetpcap.FlowGenerator    FlagFIN current has 1025 flow
2023-01-05 14:40:06 DEBUG cic.cs.unb.ca.jnetpcap.FlowGenerator    FlagFIN current has 1024 flow
2023-01-05 14:40:06 DEBUG cic.cs.unb.ca.jnetpcap.FlowGenerator    FlagFIN current has 1028 flow
2023-01-05 14:40:06 DEBUG cic.cs.unb.ca.jnetpcap.FlowGenerator    FlagFIN current has 1029 flow
2023-01-05 14:40:06 DEBUG cic.cs.unb.ca.jnetpcap.FlowGenerator    FlagFIN current has 1029 flow
2023-01-05 14:40:06 DEBUG cic.cs.unb.ca.jnetpcap.FlowGenerator    FlagFIN current has 1029 flow
2023-01-05 14:40:06 DEBUG cic.cs.unb.ca.jnetpcap.FlowGenerator    FlagFIN current has 1028 flow
2023-01-05 14:40:06 DEBUG cic.cs.unb.ca.jnetpcap.FlowGenerator    FlagFIN current has 1027 flow
2023-01-05 14:40:06 DEBUG cic.cs.unb.ca.jnetpcap.FlowGenerator    FlagFIN current has 1031 flow
2023-01-05 14:40:06 DEBUG cic.cs.unb.ca.jnetpcap.FlowGenerator    FlagFIN current has 1032 flow
2023-01-05 14:40:06 DEBUG cic.cs.unb.ca.jnetpcap.FlowGenerator    FlagFIN current has 1041 flow
2023-01-05 14:40:06 DEBUG cic.cs.unb.ca.jnetpcap.FlowGenerator    FlagFIN current has 1041 flow
2023-01-05 14:40:06 DEBUG cic.cs.unb.ca.jnetpcap.FlowGenerator    FlagFIN current has 1045 flow
2023-01-05 14:40:06 DEBUG cic.cs.unb.ca.jnetpcap.FlowGenerator    FlagFIN current has 1044 flow
2023-01-05 14:40:06 DEBUG cic.cs.unb.ca.jnetpcap.FlowGenerator    FlagFIN current has 1043 flow
2023-01-05 14:40:06 DEBUG cic.cs.unb.ca.jnetpcap.FlowGenerator    FlagFIN current has 1042 flow
2023-01-05 14:40:06 DEBUG cic.cs.unb.ca.jnetpcap.FlowGenerator    FlagFIN current has 1045 flow
2023-01-05 14:40:06 DEBUG cic.cs.unb.ca.jnetpcap.FlowGenerator    FlagFIN current has 1045 flow
2023-01-05 14:40:06 DEBUG cic.cs.unb.ca.jnetpcap.FlowGenerator    FlagFIN current has 1046 flow
2023-01-05 14:40:06 DEBUG cic.cs.unb.ca.jnetpcap.FlowGenerator    FlagFIN current has 1047 flow
2023-01-05 14:40:07 DEBUG cic.cs.unb.ca.jnetpcap.FlowGenerator    FlagFIN current has 1060 flow
2023-01-05 14:40:07 DEBUG cic.cs.unb.ca.jnetpcap.FlowGenerator    FlagFIN current has 1059 flow
2023-01-05 14:40:07 DEBUG cic.cs.unb.ca.jnetpcap.FlowGenerator    FlagFIN current has 1058 flow
2023-01-05 14:40:07 DEBUG cic.cs.unb.ca.jnetpcap.FlowGenerator    FlagFIN current has 1057 flow
2023-01-05 14:40:07 DEBUG cic.cs.unb.ca.jnetpcap.FlowGenerator    FlagFIN current has 1058 flow
2023-01-05 14:40:07 DEBUG cic.cs.unb.ca.jnetpcap.FlowGenerator    FlagFIN current has 1058 flow
2023-01-05 14:40:07 DEBUG cic.cs.unb.ca.jnetpcap.FlowGenerator    FlagFIN current has 1059 flow
2023-01-05 14:40:07 DEBUG cic.cs.unb.ca.jnetpcap.FlowGenerator    FlagFIN current has 1060 flow
2023-01-05 14:40:07 DEBUG cic.cs.unb.ca.jnetpcap.FlowGenerator    FlagFIN current has 1066 flow
2023-01-05 14:40:07 DEBUG cic.cs.unb.ca.jnetpcap.FlowGenerator    FlagFIN current has 1065 flow
2023-01-05 14:40:07 DEBUG cic.cs.unb.ca.jnetpcap.FlowGenerator    FlagFIN current has 1064 flow
2023-01-05 14:40:07 DEBUG cic.cs.unb.ca.jnetpcap.FlowGenerator    FlagFIN current has 1063 flow
2023-01-05 14:40:07 DEBUG cic.cs.unb.ca.jnetpcap.FlowGenerator    FlagFIN current has 1062 flow
2023-01-05 14:40:07 DEBUG cic.cs.unb.ca.jnetpcap.FlowGenerator    FlagFIN current has 1061 flow
2023-01-05 14:40:07 DEBUG cic.cs.unb.ca.jnetpcap.FlowGenerator    FlagFIN current has 1060 flow
2023-01-05 14:40:07 DEBUG cic.cs.unb.ca.jnetpcap.FlowGenerator    FlagFIN current has 1059 flow
2023-01-05 14:40:07 DEBUG cic.cs.unb.ca.jnetpcap.FlowGenerator    FlagFIN current has 1058 flow
2023-01-05 14:40:07 DEBUG cic.cs.unb.ca.jnetpcap.FlowGenerator    FlagFIN current has 1058 flow
2023-01-05 14:40:17 DEBUG cic.cs.unb.ca.jnetpcap.FlowGenerator    FlagFIN current has 1059 flow
2023-01-05 14:40:17 DEBUG cic.cs.unb.ca.jnetpcap.FlowGenerator    FlagFIN current has 1060 flow
2023-01-05 14:40:17 DEBUG cic.cs.unb.ca.jnetpcap.FlowGenerator    FlagFIN current has 1061 flow
2023-01-05 14:40:17 DEBUG cic.cs.unb.ca.jnetpcap.FlowGenerator    FlagFIN current has 1063 flow
2023-01-05 14:40:17 DEBUG cic.cs.unb.ca.jnetpcap.FlowGenerator    FlagFIN current has 1063 flow
2023-01-05 14:40:17 DEBUG cic.cs.unb.ca.jnetpcap.FlowGenerator    FlagFIN current has 1066 flow
2023-01-05 14:40:17 DEBUG cic.cs.unb.ca.jnetpcap.FlowGenerator    FlagFIN current has 1066 flow
2023-01-05 14:40:17 DEBUG cic.cs.unb.ca.jnetpcap.FlowGenerator    FlagFIN current has 1065 flow
2023-01-05 14:40:17 DEBUG cic.cs.unb.ca.jnetpcap.FlowGenerator    FlagFIN current has 1069 flow
2023-01-05 14:40:17 DEBUG cic.cs.unb.ca.jnetpcap.FlowGenerator    FlagFIN current has 1068 flow
2023-01-05 14:40:17 DEBUG cic.cs.unb.ca.jnetpcap.FlowGenerator    FlagFIN current has 1067 flow
2023-01-05 14:40:17 DEBUG cic.cs.unb.ca.jnetpcap.FlowGenerator    FlagFIN current has 1066 flow
2023-01-05 14:40:17 DEBUG cic.cs.unb.ca.jnetpcap.FlowGenerator    FlagFIN current has 1065 flow
2023-01-05 14:40:17 DEBUG cic.cs.unb.ca.jnetpcap.FlowGenerator    FlagFIN current has 1067 flow
2023-01-05 14:40:17 DEBUG cic.cs.unb.ca.jnetpcap.FlowGenerator    FlagFIN current has 1068 flow
2023-01-05 14:40:17 DEBUG cic.cs.unb.ca.jnetpcap.FlowGenerator    FlagFIN current has 1068 flow
2023-01-05 14:40:17 DEBUG cic.cs.unb.ca.jnetpcap.FlowGenerator    FlagFIN current has 1068 flow
2023-01-05 14:40:17 DEBUG cic.cs.unb.ca.jnetpcap.FlowGenerator    FlagFIN current has 1069 flow
2023-01-05 14:40:17 DEBUG cic.cs.unb.ca.jnetpcap.FlowGenerator    FlagFIN current has 1069 flow
2023-01-05 14:40:17 DEBUG cic.cs.unb.ca.jnetpcap.FlowGenerator    FlagFIN current has 1068 flow
2023-01-05 14:40:17 DEBUG cic.cs.unb.ca.jnetpcap.FlowGenerator    FlagFIN current has 1067 flow
2023-01-05 14:40:17 DEBUG cic.cs.unb.ca.jnetpcap.FlowGenerator    FlagFIN current has 1069 flow
2023-01-05 14:40:17 DEBUG cic.cs.unb.ca.jnetpcap.FlowGenerator    FlagFIN current has 1069 flow
2023-01-05 14:40:17 DEBUG cic.cs.unb.ca.jnetpcap.FlowGenerator    FlagFIN current has 1069 flow
2023-01-05 14:40:17 DEBUG cic.cs.unb.ca.jnetpcap.FlowGenerator    FlagFIN current has 1069 flow
2023-01-05 14:40:17 DEBUG cic.cs.unb.ca.jnetpcap.FlowGenerator    FlagFIN current has 1068 flow
2023-01-05 14:40:17 DEBUG cic.cs.unb.ca.jnetpcap.FlowGenerator    FlagFIN current has 1067 flow
2023-01-05 14:40:17 DEBUG cic.cs.unb.ca.jnetpcap.FlowGenerator    FlagFIN current has 1067 flow
2023-01-05 14:40:17 DEBUG cic.cs.unb.ca.jnetpcap.FlowGenerator    FlagFIN current has 1068 flow
2023-01-05 14:40:17 DEBUG cic.cs.unb.ca.jnetpcap.FlowGenerator    FlagFIN current has 1069 flow
2023-01-05 14:40:17 DEBUG cic.cs.unb.ca.jnetpcap.FlowGenerator    FlagFIN current has 1075 flow
2023-01-05 14:40:17 DEBUG cic.cs.unb.ca.jnetpcap.FlowGenerator    FlagFIN current has 1078 flow
2023-01-05 14:40:17 DEBUG cic.cs.unb.ca.jnetpcap.FlowGenerator    FlagFIN current has 1078 flow
2023-01-05 14:40:17 DEBUG cic.cs.unb.ca.jnetpcap.FlowGenerator    FlagFIN current has 1081 flow
2023-01-05 14:40:17 DEBUG cic.cs.unb.ca.jnetpcap.FlowGenerator    FlagFIN current has 1081 flow
2023-01-05 14:40:19 DEBUG cic.cs.unb.ca.jnetpcap.FlowGenerator    FlagFIN current has 1145 flow
2023-01-05 14:40:20 DEBUG cic.cs.unb.ca.jnetpcap.FlowGenerator    FlagFIN current has 1149 flow
2023-01-05 14:40:20 DEBUG cic.cs.unb.ca.jnetpcap.FlowGenerator    FlagFIN current has 1153 flow
2023-01-05 14:40:20 DEBUG cic.cs.unb.ca.jnetpcap.FlowGenerator    FlagFIN current has 1154 flow
2023-01-05 14:40:21 DEBUG cic.cs.unb.ca.jnetpcap.FlowGenerator    FlagFIN current has 1168 flow
2023-01-05 14:41:01 DEBUG cic.cs.unb.ca.jnetpcap.FlowGenerator    FlagFIN current has 1169 flow
2023-01-05 14:41:01 DEBUG cic.cs.unb.ca.jnetpcap.FlowGenerator    FlagFIN current has 1168 flow
2023-01-05 14:41:01 DEBUG cic.cs.unb.ca.jnetpcap.FlowGenerator    FlagFIN current has 1169 flow
2023-01-05 14:41:01 DEBUG cic.cs.unb.ca.jnetpcap.FlowGenerator    FlagFIN current has 1168 flow
2023-01-05 14:41:01 DEBUG cic.cs.unb.ca.jnetpcap.FlowGenerator    FlagFIN current has 1169 flow
2023-01-05 14:41:01 DEBUG cic.cs.unb.ca.jnetpcap.FlowGenerator    FlagFIN current has 1168 flow
2023-01-05 14:41:01 DEBUG cic.cs.unb.ca.jnetpcap.FlowGenerator    FlagFIN current has 1167 flow
2023-01-05 14:41:01 DEBUG cic.cs.unb.ca.jnetpcap.FlowGenerator    FlagFIN current has 1166 flow
2023-01-05 14:41:01 DEBUG cic.cs.unb.ca.jnetpcap.FlowGenerator    FlagFIN current has 1169 flow
2023-01-05 14:41:01 DEBUG cic.cs.unb.ca.jnetpcap.FlowGenerator    FlagFIN current has 1169 flow
2023-01-05 14:41:01 DEBUG cic.cs.unb.ca.jnetpcap.FlowGenerator    FlagFIN current has 1169 flow
2023-01-05 14:41:01 DEBUG cic.cs.unb.ca.jnetpcap.FlowGenerator    FlagFIN current has 1169 flow
2023-01-05 14:41:01 DEBUG cic.cs.unb.ca.jnetpcap.FlowGenerator    FlagFIN current has 1168 flow
2023-01-05 14:41:01 DEBUG cic.cs.unb.ca.jnetpcap.FlowGenerator    FlagFIN current has 1169 flow
2023-01-05 14:41:01 DEBUG cic.cs.unb.ca.jnetpcap.FlowGenerator    FlagFIN current has 1169 flow
2023-01-05 14:41:01 DEBUG cic.cs.unb.ca.jnetpcap.FlowGenerator    FlagFIN current has 1169 flow
2023-01-05 14:41:01 DEBUG cic.cs.unb.ca.jnetpcap.FlowGenerator    FlagFIN current has 1168 flow
2023-01-05 14:41:01 DEBUG cic.cs.unb.ca.jnetpcap.FlowGenerator    FlagFIN current has 1167 flow
2023-01-05 14:41:01 DEBUG cic.cs.unb.ca.jnetpcap.FlowGenerator    FlagFIN current has 1169 flow
2023-01-05 14:41:01 DEBUG cic.cs.unb.ca.jnetpcap.FlowGenerator    FlagFIN current has 1169 flow
2023-01-05 14:41:01 DEBUG cic.cs.unb.ca.jnetpcap.FlowGenerator    FlagFIN current has 1171 flow
2023-01-05 14:41:01 DEBUG cic.cs.unb.ca.jnetpcap.FlowGenerator    FlagFIN current has 1171 flow
2023-01-05 14:41:01 DEBUG cic.cs.unb.ca.jnetpcap.FlowGenerator    FlagFIN current has 1170 flow
2023-01-05 14:41:01 DEBUG cic.cs.unb.ca.jnetpcap.FlowGenerator    FlagFIN current has 1171 flow
2023-01-05 14:41:01 DEBUG cic.cs.unb.ca.jnetpcap.FlowGenerator    FlagFIN current has 1171 flow
2023-01-05 14:41:01 DEBUG cic.cs.unb.ca.jnetpcap.FlowGenerator    FlagFIN current has 1171 flow
2023-01-05 14:41:01 DEBUG cic.cs.unb.ca.jnetpcap.FlowGenerator    FlagFIN current has 1170 flow
2023-01-05 14:41:01 DEBUG cic.cs.unb.ca.jnetpcap.FlowGenerator    FlagFIN current has 1169 flow
2023-01-05 14:41:01 DEBUG cic.cs.unb.ca.jnetpcap.FlowGenerator    FlagFIN current has 1170 flow
2023-01-05 14:41:01 DEBUG cic.cs.unb.ca.jnetpcap.FlowGenerator    FlagFIN current has 1170 flow
2023-01-05 14:41:01 DEBUG cic.cs.unb.ca.jnetpcap.FlowGenerator    FlagFIN current has 1171 flow
2023-01-05 14:41:06 DEBUG cic.cs.unb.ca.jnetpcap.FlowGenerator    FlagFIN current has 1208 flow
2023-01-05 14:41:06 DEBUG cic.cs.unb.ca.jnetpcap.FlowGenerator    FlagFIN current has 1208 flow
2023-01-05 14:41:06 DEBUG cic.cs.unb.ca.jnetpcap.FlowGenerator    FlagFIN current has 1208 flow
2023-01-05 14:41:06 DEBUG cic.cs.unb.ca.jnetpcap.FlowGenerator    FlagFIN current has 1209 flow
2023-01-05 14:41:06 DEBUG cic.cs.unb.ca.jnetpcap.FlowGenerator    FlagFIN current has 1212 flow
2023-01-05 14:41:06 DEBUG cic.cs.unb.ca.jnetpcap.FlowGenerator    FlagFIN current has 1211 flow
2023-01-05 14:41:06 DEBUG cic.cs.unb.ca.jnetpcap.FlowGenerator    FlagFIN current has 1211 flow
2023-01-05 14:41:06 DEBUG cic.cs.unb.ca.jnetpcap.FlowGenerator    FlagFIN current has 1211 flow
2023-01-05 14:41:06 DEBUG cic.cs.unb.ca.jnetpcap.FlowGenerator    FlagFIN current has 1210 flow
2023-01-05 14:41:06 DEBUG cic.cs.unb.ca.jnetpcap.FlowGenerator    FlagFIN current has 1210 flow
2023-01-05 14:41:06 DEBUG cic.cs.unb.ca.jnetpcap.FlowGenerator    FlagFIN current has 1210 flow
2023-01-05 14:41:06 DEBUG cic.cs.unb.ca.jnetpcap.FlowGenerator    FlagFIN current has 1209 flow
2023-01-05 14:41:06 DEBUG cic.cs.unb.ca.jnetpcap.FlowGenerator    FlagFIN current has 1210 flow
2023-01-05 14:41:06 DEBUG cic.cs.unb.ca.jnetpcap.FlowGenerator    FlagFIN current has 1210 flow
2023-01-05 14:41:06 DEBUG cic.cs.unb.ca.jnetpcap.FlowGenerator    FlagFIN current has 1210 flow
2023-01-05 14:41:06 DEBUG cic.cs.unb.ca.jnetpcap.FlowGenerator    FlagFIN current has 1212 flow
2023-01-05 14:41:06 DEBUG cic.cs.unb.ca.jnetpcap.FlowGenerator    FlagFIN current has 1212 flow
2023-01-05 14:41:06 DEBUG cic.cs.unb.ca.jnetpcap.FlowGenerator    FlagFIN current has 1212 flow
2023-01-05 14:41:17 DEBUG cic.cs.unb.ca.jnetpcap.FlowGenerator    FlagFIN current has 1235 flow
2023-01-05 14:41:17 DEBUG cic.cs.unb.ca.jnetpcap.FlowGenerator    FlagFIN current has 1240 flow
2023-01-05 14:41:17 DEBUG cic.cs.unb.ca.jnetpcap.FlowGenerator    FlagFIN current has 1239 flow
2023-01-05 14:41:17 DEBUG cic.cs.unb.ca.jnetpcap.FlowGenerator    FlagFIN current has 1238 flow
2023-01-05 14:41:17 DEBUG cic.cs.unb.ca.jnetpcap.FlowGenerator    FlagFIN current has 1237 flow
2023-01-05 14:41:17 DEBUG cic.cs.unb.ca.jnetpcap.FlowGenerator    FlagFIN current has 1236 flow
2023-01-05 14:41:17 DEBUG cic.cs.unb.ca.jnetpcap.FlowGenerator    FlagFIN current has 1235 flow
2023-01-05 14:41:17 DEBUG cic.cs.unb.ca.jnetpcap.FlowGenerator    FlagFIN current has 1234 flow
2023-01-05 14:41:17 DEBUG cic.cs.unb.ca.jnetpcap.FlowGenerator    FlagFIN current has 1233 flow
2023-01-05 14:41:17 DEBUG cic.cs.unb.ca.jnetpcap.FlowGenerator    FlagFIN current has 1232 flow
2023-01-05 14:41:17 DEBUG cic.cs.unb.ca.jnetpcap.FlowGenerator    FlagFIN current has 1232 flow
2023-01-05 14:41:17 DEBUG cic.cs.unb.ca.jnetpcap.FlowGenerator    FlagFIN current has 1231 flow
2023-01-05 14:41:17 DEBUG cic.cs.unb.ca.jnetpcap.FlowGenerator    FlagFIN current has 1230 flow
2023-01-05 14:41:17 DEBUG cic.cs.unb.ca.jnetpcap.FlowGenerator    FlagFIN current has 1237 flow
2023-01-05 14:41:17 DEBUG cic.cs.unb.ca.jnetpcap.FlowGenerator    FlagFIN current has 1237 flow
2023-01-05 14:41:17 DEBUG cic.cs.unb.ca.jnetpcap.FlowGenerator    FlagFIN current has 1236 flow
2023-01-05 14:41:17 DEBUG cic.cs.unb.ca.jnetpcap.FlowGenerator    FlagFIN current has 1240 flow
2023-01-05 14:41:17 DEBUG cic.cs.unb.ca.jnetpcap.FlowGenerator    FlagFIN current has 1241 flow
2023-01-05 14:41:17 DEBUG cic.cs.unb.ca.jnetpcap.FlowGenerator    FlagFIN current has 1240 flow
2023-01-05 14:41:17 DEBUG cic.cs.unb.ca.jnetpcap.FlowGenerator    FlagFIN current has 1240 flow
2023-01-05 14:41:17 DEBUG cic.cs.unb.ca.jnetpcap.FlowGenerator    FlagFIN current has 1243 flow
2023-01-05 14:41:17 DEBUG cic.cs.unb.ca.jnetpcap.FlowGenerator    FlagFIN current has 1243 flow
2023-01-05 14:41:17 DEBUG cic.cs.unb.ca.jnetpcap.FlowGenerator    FlagFIN current has 1243 flow
2023-01-05 14:41:17 DEBUG cic.cs.unb.ca.jnetpcap.FlowGenerator    FlagFIN current has 1258 flow
2023-01-05 14:41:17 DEBUG cic.cs.unb.ca.jnetpcap.FlowGenerator    FlagFIN current has 1257 flow
2023-01-05 14:41:17 DEBUG cic.cs.unb.ca.jnetpcap.FlowGenerator    FlagFIN current has 1256 flow
2023-01-05 14:41:17 DEBUG cic.cs.unb.ca.jnetpcap.FlowGenerator    FlagFIN current has 1255 flow
2023-01-05 14:41:17 DEBUG cic.cs.unb.ca.jnetpcap.FlowGenerator    FlagFIN current has 1255 flow
2023-01-05 14:41:17 DEBUG cic.cs.unb.ca.jnetpcap.FlowGenerator    FlagFIN current has 1259 flow
2023-01-05 14:41:17 DEBUG cic.cs.unb.ca.jnetpcap.FlowGenerator    FlagFIN current has 1259 flow
2023-01-05 14:41:17 DEBUG cic.cs.unb.ca.jnetpcap.FlowGenerator    FlagFIN current has 1259 flow
2023-01-05 14:41:17 DEBUG cic.cs.unb.ca.jnetpcap.FlowGenerator    FlagFIN current has 1258 flow
2023-01-05 14:41:17 DEBUG cic.cs.unb.ca.jnetpcap.FlowGenerator    FlagFIN current has 1259 flow
2023-01-05 14:41:30 DEBUG cic.cs.unb.ca.jnetpcap.FlowGenerator    FlagFIN current has 1267 flow
2023-01-05 14:41:30 DEBUG cic.cs.unb.ca.jnetpcap.FlowGenerator    FlagFIN current has 1267 flow
2023-01-05 14:41:30 DEBUG cic.cs.unb.ca.jnetpcap.FlowGenerator    FlagFIN current has 1268 flow
2023-01-05 14:41:30 DEBUG cic.cs.unb.ca.jnetpcap.FlowGenerator    FlagFIN current has 1267 flow
2023-01-05 14:41:30 DEBUG cic.cs.unb.ca.jnetpcap.FlowGenerator    FlagFIN current has 1266 flow
2023-01-05 14:41:30 DEBUG cic.cs.unb.ca.jnetpcap.FlowGenerator    FlagFIN current has 1267 flow
2023-01-05 14:41:32 DEBUG cic.cs.unb.ca.jnetpcap.FlowGenerator    FlagFIN current has 1446 flow
2023-01-05 14:41:33 DEBUG cic.cs.unb.ca.jnetpcap.FlowGenerator    FlagFIN current has 1551 flow
2023-01-05 14:41:33 DEBUG cic.cs.unb.ca.jnetpcap.FlowGenerator    FlagFIN current has 1553 flow
2023-01-05 14:41:33 DEBUG cic.cs.unb.ca.jnetpcap.FlowGenerator    FlagFIN current has 1553 flow
2023-01-05 14:41:33 DEBUG cic.cs.unb.ca.jnetpcap.FlowGenerator    FlagFIN current has 1563 flow
2023-01-05 14:41:33 DEBUG cic.cs.unb.ca.jnetpcap.FlowGenerator    FlagFIN current has 1567 flow
2023-01-05 14:41:33 DEBUG cic.cs.unb.ca.jnetpcap.FlowGenerator    FlagFIN current has 1574 flow
2023-01-05 14:41:34 DEBUG cic.cs.unb.ca.jnetpcap.FlowGenerator    FlagFIN current has 1639 flow
2023-01-05 14:41:39 DEBUG cic.cs.unb.ca.jnetpcap.FlowGenerator    FlagFIN current has 1650 flow
2023-01-05 14:41:39 DEBUG cic.cs.unb.ca.jnetpcap.FlowGenerator    FlagFIN current has 1650 flow
2023-01-05 14:41:39 DEBUG cic.cs.unb.ca.jnetpcap.FlowGenerator    FlagFIN current has 1653 flow
2023-01-05 14:41:39 DEBUG cic.cs.unb.ca.jnetpcap.FlowGenerator    FlagFIN current has 1653 flow
2023-01-05 14:41:39 DEBUG cic.cs.unb.ca.jnetpcap.FlowGenerator    FlagFIN current has 1654 flow
2023-01-05 14:41:39 DEBUG cic.cs.unb.ca.jnetpcap.FlowGenerator    FlagFIN current has 1654 flow
2023-01-05 14:41:39 DEBUG cic.cs.unb.ca.jnetpcap.FlowGenerator    FlagFIN current has 1659 flow
2023-01-05 14:41:39 DEBUG cic.cs.unb.ca.jnetpcap.FlowGenerator    FlagFIN current has 1658 flow
2023-01-05 14:41:39 DEBUG cic.cs.unb.ca.jnetpcap.FlowGenerator    FlagFIN current has 1657 flow
2023-01-05 14:41:39 DEBUG cic.cs.unb.ca.jnetpcap.FlowGenerator    FlagFIN current has 1659 flow
2023-01-05 14:41:39 DEBUG cic.cs.unb.ca.jnetpcap.FlowGenerator    FlagFIN current has 1659 flow
2023-01-05 14:41:39 DEBUG cic.cs.unb.ca.jnetpcap.FlowGenerator    FlagFIN current has 1659 flow
2023-01-05 14:41:40 DEBUG cic.cs.unb.ca.jnetpcap.FlowGenerator    Timeout current has 1700 flow
2023-01-05 14:42:12 DEBUG cic.cs.unb.ca.jnetpcap.FlowGenerator    FlagFIN current has 1719 flow
2023-01-05 14:42:12 DEBUG cic.cs.unb.ca.jnetpcap.FlowGenerator    FlagFIN current has 1718 flow
2023-01-05 14:42:12 DEBUG cic.cs.unb.ca.jnetpcap.FlowGenerator    FlagFIN current has 1718 flow
2023-01-05 14:42:12 DEBUG cic.cs.unb.ca.jnetpcap.FlowGenerator    FlagFIN current has 1717 flow
2023-01-05 14:42:12 DEBUG cic.cs.unb.ca.jnetpcap.FlowGenerator    FlagFIN current has 1717 flow
2023-01-05 14:42:12 DEBUG cic.cs.unb.ca.jnetpcap.FlowGenerator    FlagFIN current has 1716 flow
2023-01-05 14:42:12 DEBUG cic.cs.unb.ca.jnetpcap.FlowGenerator    FlagFIN current has 1716 flow
2023-01-05 14:42:12 DEBUG cic.cs.unb.ca.jnetpcap.FlowGenerator    FlagFIN current has 1718 flow
2023-01-05 14:42:12 DEBUG cic.cs.unb.ca.jnetpcap.FlowGenerator    FlagFIN current has 1718 flow
2023-01-05 14:42:12 DEBUG cic.cs.unb.ca.jnetpcap.FlowGenerator    FlagFIN current has 1718 flow
2023-01-05 14:42:12 DEBUG cic.cs.unb.ca.jnetpcap.FlowGenerator    FlagFIN current has 1718 flow
2023-01-05 14:42:12 DEBUG cic.cs.unb.ca.jnetpcap.FlowGenerator    FlagFIN current has 1718 flow
2023-01-05 14:42:12 DEBUG cic.cs.unb.ca.jnetpcap.FlowGenerator    FlagFIN current has 1717 flow
2023-01-05 14:42:12 DEBUG cic.cs.unb.ca.jnetpcap.FlowGenerator    FlagFIN current has 1717 flow
2023-01-05 14:42:12 DEBUG cic.cs.unb.ca.jnetpcap.FlowGenerator    FlagFIN current has 1718 flow
2023-01-05 14:42:12 DEBUG cic.cs.unb.ca.jnetpcap.FlowGenerator    FlagFIN current has 1718 flow
2023-01-05 14:42:12 DEBUG cic.cs.unb.ca.jnetpcap.FlowGenerator    FlagFIN current has 1718 flow
2023-01-05 14:42:12 DEBUG cic.cs.unb.ca.jnetpcap.FlowGenerator    FlagFIN current has 1718 flow
2023-01-05 14:42:12 DEBUG cic.cs.unb.ca.jnetpcap.FlowGenerator    FlagFIN current has 1718 flow
2023-01-05 14:42:12 DEBUG cic.cs.unb.ca.jnetpcap.FlowGenerator    FlagFIN current has 1718 flow
2023-01-05 14:42:12 DEBUG cic.cs.unb.ca.jnetpcap.FlowGenerator    FlagFIN current has 1719 flow
2023-01-05 14:42:12 DEBUG cic.cs.unb.ca.jnetpcap.FlowGenerator    FlagFIN current has 1719 flow
2023-01-05 14:42:12 DEBUG cic.cs.unb.ca.jnetpcap.FlowGenerator    FlagFIN current has 1719 flow
2023-01-05 14:42:12 DEBUG cic.cs.unb.ca.jnetpcap.FlowGenerator    FlagFIN current has 1719 flow
2023-01-05 14:42:12 DEBUG cic.cs.unb.ca.jnetpcap.FlowGenerator    FlagFIN current has 1719 flow
2023-01-05 14:42:12 DEBUG cic.cs.unb.ca.jnetpcap.FlowGenerator    FlagFIN current has 1719 flow
2023-01-05 14:42:12 DEBUG cic.cs.unb.ca.jnetpcap.FlowGenerator    FlagFIN current has 1719 flow
2023-01-05 14:42:12 DEBUG cic.cs.unb.ca.jnetpcap.FlowGenerator    FlagFIN current has 1719 flow
2023-01-05 14:42:12 DEBUG cic.cs.unb.ca.jnetpcap.FlowGenerator    FlagFIN current has 1719 flow
2023-01-05 14:42:12 DEBUG cic.cs.unb.ca.jnetpcap.FlowGenerator    FlagFIN current has 1719 flow
2023-01-05 14:42:12 DEBUG cic.cs.unb.ca.jnetpcap.FlowGenerator    FlagFIN current has 1719 flow
2023-01-05 14:42:12 DEBUG cic.cs.unb.ca.jnetpcap.FlowGenerator    FlagFIN current has 1719 flow
2023-01-05 14:42:12 DEBUG cic.cs.unb.ca.jnetpcap.FlowGenerator    FlagFIN current has 1726 flow
2023-01-05 14:42:12 DEBUG cic.cs.unb.ca.jnetpcap.FlowGenerator    FlagFIN current has 1726 flow
2023-01-05 14:42:12 DEBUG cic.cs.unb.ca.jnetpcap.FlowGenerator    FlagFIN current has 1728 flow
2023-01-05 14:42:12 DEBUG cic.cs.unb.ca.jnetpcap.FlowGenerator    FlagFIN current has 1728 flow
2023-01-05 14:42:12 DEBUG cic.cs.unb.ca.jnetpcap.FlowGenerator    FlagFIN current has 1728 flow
2023-01-05 14:42:12 DEBUG cic.cs.unb.ca.jnetpcap.FlowGenerator    FlagFIN current has 1729 flow
2023-01-05 14:42:12 DEBUG cic.cs.unb.ca.jnetpcap.FlowGenerator    FlagFIN current has 1729 flow
2023-01-05 14:42:12 DEBUG cic.cs.unb.ca.jnetpcap.FlowGenerator    FlagFIN current has 1729 flow
2023-01-05 14:42:12 DEBUG cic.cs.unb.ca.jnetpcap.FlowGenerator    FlagFIN current has 1729 flow
2023-01-05 14:42:12 DEBUG cic.cs.unb.ca.jnetpcap.FlowGenerator    FlagFIN current has 1729 flow
2023-01-05 14:42:12 DEBUG cic.cs.unb.ca.jnetpcap.FlowGenerator    FlagFIN current has 1732 flow
2023-01-05 14:42:12 DEBUG cic.cs.unb.ca.jnetpcap.FlowGenerator    FlagFIN current has 1732 flow
2023-01-05 14:43:05 DEBUG cic.cs.unb.ca.jnetpcap.FlowGenerator    FlagFIN current has 1737 flow
2023-01-05 14:43:05 DEBUG cic.cs.unb.ca.jnetpcap.FlowGenerator    FlagFIN current has 1740 flow
2023-01-05 14:43:05 DEBUG cic.cs.unb.ca.jnetpcap.FlowGenerator    FlagFIN current has 1740 flow
2023-01-05 14:43:05 DEBUG cic.cs.unb.ca.jnetpcap.FlowGenerator    FlagFIN current has 1741 flow
2023-01-05 14:43:05 DEBUG cic.cs.unb.ca.jnetpcap.FlowGenerator    FlagFIN current has 1741 flow
2023-01-05 14:43:05 DEBUG cic.cs.unb.ca.jnetpcap.FlowGenerator    FlagFIN current has 1741 flow
2023-01-05 14:43:05 DEBUG cic.cs.unb.ca.jnetpcap.FlowGenerator    FlagFIN current has 1741 flow
2023-01-05 14:43:05 DEBUG cic.cs.unb.ca.jnetpcap.FlowGenerator    FlagFIN current has 1743 flow
2023-01-05 14:43:05 DEBUG cic.cs.unb.ca.jnetpcap.FlowGenerator    FlagFIN current has 1743 flow
2023-01-05 14:43:05 DEBUG cic.cs.unb.ca.jnetpcap.FlowGenerator    FlagFIN current has 1743 flow
2023-01-05 14:43:05 DEBUG cic.cs.unb.ca.jnetpcap.FlowGenerator    FlagFIN current has 1743 flow
2023-01-05 14:43:05 DEBUG cic.cs.unb.ca.jnetpcap.FlowGenerator    FlagFIN current has 1743 flow
2023-01-05 14:43:05 DEBUG cic.cs.unb.ca.jnetpcap.FlowGenerator    FlagFIN current has 1743 flow
2023-01-05 14:43:05 DEBUG cic.cs.unb.ca.jnetpcap.FlowGenerator    FlagFIN current has 1743 flow
2023-01-05 14:43:05 DEBUG cic.cs.unb.ca.jnetpcap.FlowGenerator    FlagFIN current has 1743 flow
2023-01-05 14:43:05 DEBUG cic.cs.unb.ca.jnetpcap.FlowGenerator    FlagFIN current has 1743 flow
2023-01-05 14:44:06 DEBUG cic.cs.unb.ca.jnetpcap.FlowGenerator    FlagFIN current has 1751 flow
2023-01-05 14:44:06 DEBUG cic.cs.unb.ca.jnetpcap.FlowGenerator    FlagFIN current has 1751 flow
2023-01-05 14:44:06 DEBUG cic.cs.unb.ca.jnetpcap.FlowGenerator    FlagFIN current has 1750 flow
2023-01-05 14:44:06 DEBUG cic.cs.unb.ca.jnetpcap.FlowGenerator    FlagFIN current has 1751 flow
2023-01-05 14:44:06 DEBUG cic.cs.unb.ca.jnetpcap.FlowGenerator    FlagFIN current has 1750 flow
2023-01-05 14:44:06 DEBUG cic.cs.unb.ca.jnetpcap.FlowGenerator    FlagFIN current has 1749 flow
2023-01-05 14:44:06 DEBUG cic.cs.unb.ca.jnetpcap.FlowGenerator    FlagFIN current has 1751 flow
2023-01-05 14:44:06 DEBUG cic.cs.unb.ca.jnetpcap.FlowGenerator    FlagFIN current has 1753 flow
2023-01-05 14:44:06 DEBUG cic.cs.unb.ca.jnetpcap.FlowGenerator    FlagFIN current has 1753 flow
2023-01-05 14:44:06 DEBUG cic.cs.unb.ca.jnetpcap.FlowGenerator    FlagFIN current has 1755 flow
2023-01-05 14:45:08 DEBUG cic.cs.unb.ca.jnetpcap.FlowGenerator    FlagFIN current has 1756 flow
2023-01-05 14:45:08 DEBUG cic.cs.unb.ca.jnetpcap.FlowGenerator    FlagFIN current has 1756 flow
2023-01-05 14:45:08 DEBUG cic.cs.unb.ca.jnetpcap.FlowGenerator    FlagFIN current has 1756 flow
2023-01-05 14:45:08 DEBUG cic.cs.unb.ca.jnetpcap.FlowGenerator    FlagFIN current has 1756 flow
2023-01-05 14:45:08 DEBUG cic.cs.unb.ca.jnetpcap.FlowGenerator    FlagFIN current has 1756 flow
2023-01-05 14:45:08 DEBUG cic.cs.unb.ca.jnetpcap.FlowGenerator    FlagFIN current has 1756 flow
2023-01-05 14:45:08 DEBUG cic.cs.unb.ca.jnetpcap.FlowGenerator    FlagFIN current has 1756 flow
2023-01-05 14:45:08 DEBUG cic.cs.unb.ca.jnetpcap.FlowGenerator    FlagFIN current has 1756 flow
2023-01-05 14:45:08 DEBUG cic.cs.unb.ca.jnetpcap.FlowGenerator    FlagFIN current has 1755 flow
2023-01-05 14:45:08 DEBUG cic.cs.unb.ca.jnetpcap.FlowGenerator    FlagFIN current has 1754 flow
2023-01-05 14:45:08 DEBUG cic.cs.unb.ca.jnetpcap.FlowGenerator    FlagFIN current has 1756 flow
2023-01-05 14:45:08 DEBUG cic.cs.unb.ca.jnetpcap.FlowGenerator    FlagFIN current has 1755 flow
2023-01-05 14:45:08 DEBUG cic.cs.unb.ca.jnetpcap.FlowGenerator    FlagFIN current has 1754 flow
2023-01-05 14:45:08 DEBUG cic.cs.unb.ca.jnetpcap.FlowGenerator    FlagFIN current has 1756 flow
2023-01-05 14:45:08 DEBUG cic.cs.unb.ca.jnetpcap.FlowGenerator    FlagFIN current has 1756 flow
2023-01-05 14:45:08 DEBUG cic.cs.unb.ca.jnetpcap.FlowGenerator    FlagFIN current has 1756 flow
2023-01-05 14:45:08 DEBUG cic.cs.unb.ca.jnetpcap.FlowGenerator    FlagFIN current has 1755 flow
2023-01-05 14:45:08 DEBUG cic.cs.unb.ca.jnetpcap.FlowGenerator    FlagFIN current has 1756 flow
2023-01-05 14:45:08 DEBUG cic.cs.unb.ca.jnetpcap.FlowGenerator    FlagFIN current has 1755 flow
2023-01-05 14:45:08 DEBUG cic.cs.unb.ca.jnetpcap.FlowGenerator    FlagFIN current has 1756 flow
2023-01-05 14:45:08 DEBUG cic.cs.unb.ca.jnetpcap.FlowGenerator    FlagFIN current has 1756 flow
2023-01-05 14:45:08 DEBUG cic.cs.unb.ca.jnetpcap.FlowGenerator    FlagFIN current has 1755 flow
2023-01-05 14:45:08 DEBUG cic.cs.unb.ca.jnetpcap.FlowGenerator    FlagFIN current has 1756 flow
2023-01-05 14:45:08 DEBUG cic.cs.unb.ca.jnetpcap.FlowGenerator    FlagFIN current has 1755 flow
2023-01-05 14:45:08 DEBUG cic.cs.unb.ca.jnetpcap.FlowGenerator    FlagFIN current has 1754 flow
2023-01-05 14:45:08 DEBUG cic.cs.unb.ca.jnetpcap.FlowGenerator    FlagFIN current has 1753 flow
2023-01-05 14:45:08 DEBUG cic.cs.unb.ca.jnetpcap.FlowGenerator    FlagFIN current has 1752 flow
2023-01-05 14:45:08 DEBUG cic.cs.unb.ca.jnetpcap.FlowGenerator    FlagFIN current has 1751 flow
2023-01-05 14:45:08 DEBUG cic.cs.unb.ca.jnetpcap.FlowGenerator    FlagFIN current has 1750 flow
2023-01-05 14:45:08 DEBUG cic.cs.unb.ca.jnetpcap.FlowGenerator    FlagFIN current has 1749 flow
2023-01-05 14:45:08 DEBUG cic.cs.unb.ca.jnetpcap.FlowGenerator    FlagFIN current has 1748 flow
2023-01-05 14:45:08 DEBUG cic.cs.unb.ca.jnetpcap.FlowGenerator    FlagFIN current has 1747 flow
2023-01-05 14:45:08 DEBUG cic.cs.unb.ca.jnetpcap.FlowGenerator    FlagFIN current has 1746 flow
2023-01-05 14:45:08 DEBUG cic.cs.unb.ca.jnetpcap.FlowGenerator    FlagFIN current has 1746 flow
2023-01-05 14:45:08 DEBUG cic.cs.unb.ca.jnetpcap.FlowGenerator    FlagFIN current has 1748 flow
2023-01-05 14:45:08 DEBUG cic.cs.unb.ca.jnetpcap.FlowGenerator    FlagFIN current has 1748 flow
2023-01-05 14:45:08 DEBUG cic.cs.unb.ca.jnetpcap.FlowGenerator    FlagFIN current has 1749 flow
2023-01-05 14:45:08 DEBUG cic.cs.unb.ca.jnetpcap.FlowGenerator    FlagFIN current has 1750 flow
2023-01-05 14:45:08 DEBUG cic.cs.unb.ca.jnetpcap.FlowGenerator    FlagFIN current has 1752 flow
2023-01-05 14:45:08 DEBUG cic.cs.unb.ca.jnetpcap.FlowGenerator    FlagFIN current has 1752 flow
2023-01-05 14:45:08 DEBUG cic.cs.unb.ca.jnetpcap.FlowGenerator    FlagFIN current has 1754 flow
2023-01-05 14:45:08 DEBUG cic.cs.unb.ca.jnetpcap.FlowGenerator    FlagFIN current has 1754 flow
2023-01-05 14:45:08 DEBUG cic.cs.unb.ca.jnetpcap.FlowGenerator    FlagFIN current has 1755 flow
2023-01-05 14:45:08 DEBUG cic.cs.unb.ca.jnetpcap.FlowGenerator    FlagFIN current has 1756 flow
2023-01-05 14:45:08 DEBUG cic.cs.unb.ca.jnetpcap.FlowGenerator    FlagFIN current has 1756 flow
2023-01-05 14:45:08 DEBUG cic.cs.unb.ca.jnetpcap.FlowGenerator    FlagFIN current has 1755 flow
2023-01-05 14:45:08 DEBUG cic.cs.unb.ca.jnetpcap.FlowGenerator    FlagFIN current has 1754 flow
2023-01-05 14:45:08 DEBUG cic.cs.unb.ca.jnetpcap.FlowGenerator    FlagFIN current has 1753 flow
2023-01-05 14:45:08 DEBUG cic.cs.unb.ca.jnetpcap.FlowGenerator    FlagFIN current has 1752 flow
2023-01-05 14:45:08 DEBUG cic.cs.unb.ca.jnetpcap.FlowGenerator    FlagFIN current has 1751 flow
2023-01-05 14:45:08 DEBUG cic.cs.unb.ca.jnetpcap.FlowGenerator    FlagFIN current has 1750 flow
2023-01-05 14:45:08 DEBUG cic.cs.unb.ca.jnetpcap.FlowGenerator    FlagFIN current has 1752 flow
2023-01-05 14:45:08 DEBUG cic.cs.unb.ca.jnetpcap.FlowGenerator    FlagFIN current has 1752 flow
2023-01-05 14:45:08 DEBUG cic.cs.unb.ca.jnetpcap.FlowGenerator    FlagFIN current has 1752 flow
2023-01-05 14:45:08 DEBUG cic.cs.unb.ca.jnetpcap.FlowGenerator    FlagFIN current has 1753 flow
2023-01-05 14:45:08 DEBUG cic.cs.unb.ca.jnetpcap.FlowGenerator    FlagFIN current has 1755 flow
2023-01-05 14:45:08 DEBUG cic.cs.unb.ca.jnetpcap.FlowGenerator    FlagFIN current has 1755 flow
2023-01-05 14:45:08 DEBUG cic.cs.unb.ca.jnetpcap.FlowGenerator    FlagFIN current has 1756 flow
2023-01-05 14:45:08 DEBUG cic.cs.unb.ca.jnetpcap.FlowGenerator    FlagFIN current has 1756 flow
2023-01-05 14:45:08 DEBUG cic.cs.unb.ca.jnetpcap.FlowGenerator    FlagFIN current has 1755 flow
2023-01-05 14:45:08 DEBUG cic.cs.unb.ca.jnetpcap.FlowGenerator    FlagFIN current has 1754 flow
2023-01-05 14:45:08 DEBUG cic.cs.unb.ca.jnetpcap.FlowGenerator    FlagFIN current has 1753 flow
2023-01-05 14:45:08 DEBUG cic.cs.unb.ca.jnetpcap.FlowGenerator    FlagFIN current has 1752 flow
2023-01-05 14:45:08 DEBUG cic.cs.unb.ca.jnetpcap.FlowGenerator    FlagFIN current has 1751 flow
2023-01-05 14:45:08 DEBUG cic.cs.unb.ca.jnetpcap.FlowGenerator    FlagFIN current has 1752 flow
2023-01-05 14:45:08 DEBUG cic.cs.unb.ca.jnetpcap.FlowGenerator    FlagFIN current has 1752 flow
2023-01-05 14:45:08 DEBUG cic.cs.unb.ca.jnetpcap.FlowGenerator    FlagFIN current has 1753 flow
2023-01-05 14:45:08 DEBUG cic.cs.unb.ca.jnetpcap.FlowGenerator    FlagFIN current has 1754 flow
2023-01-05 14:45:08 DEBUG cic.cs.unb.ca.jnetpcap.FlowGenerator    FlagFIN current has 1755 flow
2023-01-05 14:45:08 DEBUG cic.cs.unb.ca.jnetpcap.FlowGenerator    FlagFIN current has 1756 flow
2023-01-05 14:45:08 DEBUG cic.cs.unb.ca.jnetpcap.FlowGenerator    FlagFIN current has 1756 flow
2023-01-05 14:45:08 DEBUG cic.cs.unb.ca.jnetpcap.FlowGenerator    FlagFIN current has 1755 flow
2023-01-05 14:45:08 DEBUG cic.cs.unb.ca.jnetpcap.FlowGenerator    FlagFIN current has 1754 flow
2023-01-05 14:45:08 DEBUG cic.cs.unb.ca.jnetpcap.FlowGenerator    FlagFIN current has 1753 flow
2023-01-05 14:45:08 DEBUG cic.cs.unb.ca.jnetpcap.FlowGenerator    FlagFIN current has 1752 flow
2023-01-05 14:45:08 DEBUG cic.cs.unb.ca.jnetpcap.FlowGenerator    FlagFIN current has 1751 flow
2023-01-05 14:45:08 DEBUG cic.cs.unb.ca.jnetpcap.FlowGenerator    FlagFIN current has 1752 flow
2023-01-05 14:45:08 DEBUG cic.cs.unb.ca.jnetpcap.FlowGenerator    FlagFIN current has 1753 flow
2023-01-05 14:45:08 DEBUG cic.cs.unb.ca.jnetpcap.FlowGenerator    FlagFIN current has 1755 flow
2023-01-05 14:45:08 DEBUG cic.cs.unb.ca.jnetpcap.FlowGenerator    FlagFIN current has 1755 flow
2023-01-05 14:45:08 DEBUG cic.cs.unb.ca.jnetpcap.FlowGenerator    FlagFIN current has 1755 flow
2023-01-05 14:45:08 DEBUG cic.cs.unb.ca.jnetpcap.FlowGenerator    FlagFIN current has 1756 flow
2023-01-05 14:45:08 DEBUG cic.cs.unb.ca.jnetpcap.FlowGenerator    FlagFIN current has 1756 flow
2023-01-05 14:45:08 DEBUG cic.cs.unb.ca.jnetpcap.FlowGenerator    FlagFIN current has 1756 flow
2023-01-05 14:45:08 DEBUG cic.cs.unb.ca.jnetpcap.FlowGenerator    FlagFIN current has 1756 flow
2023-01-05 14:45:08 DEBUG cic.cs.unb.ca.jnetpcap.FlowGenerator    FlagFIN current has 1755 flow
2023-01-05 14:45:08 DEBUG cic.cs.unb.ca.jnetpcap.FlowGenerator    FlagFIN current has 1756 flow
2023-01-05 14:45:08 DEBUG cic.cs.unb.ca.jnetpcap.FlowGenerator    FlagFIN current has 1756 flow
2023-01-05 14:45:08 DEBUG cic.cs.unb.ca.jnetpcap.FlowGenerator    FlagFIN current has 1756 flow
2023-01-05 14:45:08 DEBUG cic.cs.unb.ca.jnetpcap.FlowGenerator    FlagFIN current has 1755 flow
2023-01-05 14:45:08 DEBUG cic.cs.unb.ca.jnetpcap.FlowGenerator    FlagFIN current has 1755 flow
2023-01-05 14:45:08 DEBUG cic.cs.unb.ca.jnetpcap.FlowGenerator    FlagFIN current has 1756 flow
2023-01-05 14:45:08 DEBUG cic.cs.unb.ca.jnetpcap.FlowGenerator    FlagFIN current has 1760 flow
2023-01-05 14:45:08 DEBUG cic.cs.unb.ca.jnetpcap.FlowGenerator    FlagFIN current has 1760 flow
2023-01-05 14:45:08 DEBUG cic.cs.unb.ca.jnetpcap.FlowGenerator    FlagFIN current has 1768 flow
2023-01-05 14:45:08 DEBUG cic.cs.unb.ca.jnetpcap.FlowGenerator    FlagFIN current has 1767 flow
2023-01-05 14:45:08 DEBUG cic.cs.unb.ca.jnetpcap.FlowGenerator    FlagFIN current has 1766 flow
2023-01-05 14:45:08 DEBUG cic.cs.unb.ca.jnetpcap.FlowGenerator    FlagFIN current has 1765 flow
2023-01-05 14:45:08 DEBUG cic.cs.unb.ca.jnetpcap.FlowGenerator    FlagFIN current has 1765 flow
2023-01-05 14:45:08 DEBUG cic.cs.unb.ca.jnetpcap.FlowGenerator    FlagFIN current has 1768 flow
2023-01-05 14:45:08 DEBUG cic.cs.unb.ca.jnetpcap.FlowGenerator    FlagFIN current has 1768 flow
2023-01-05 14:45:08 DEBUG cic.cs.unb.ca.jnetpcap.FlowGenerator    FlagFIN current has 1768 flow
2023-01-05 14:45:17 DEBUG cic.cs.unb.ca.jnetpcap.FlowGenerator    FlagFIN current has 1773 flow
2023-01-05 14:45:17 DEBUG cic.cs.unb.ca.jnetpcap.FlowGenerator    FlagFIN current has 1772 flow
2023-01-05 14:45:17 DEBUG cic.cs.unb.ca.jnetpcap.FlowGenerator    FlagFIN current has 1771 flow
2023-01-05 14:45:17 DEBUG cic.cs.unb.ca.jnetpcap.FlowGenerator    FlagFIN current has 1771 flow
2023-01-05 14:45:17 DEBUG cic.cs.unb.ca.jnetpcap.FlowGenerator    FlagFIN current has 1772 flow
2023-01-05 14:45:17 DEBUG cic.cs.unb.ca.jnetpcap.FlowGenerator    FlagFIN current has 1773 flow
2023-01-05 14:45:17 DEBUG cic.cs.unb.ca.jnetpcap.FlowGenerator    FlagFIN current has 1773 flow
2023-01-05 14:45:17 DEBUG cic.cs.unb.ca.jnetpcap.FlowGenerator    FlagFIN current has 1775 flow
2023-01-05 14:45:17 DEBUG cic.cs.unb.ca.jnetpcap.FlowGenerator    FlagFIN current has 1775 flow
2023-01-05 14:45:17 DEBUG cic.cs.unb.ca.jnetpcap.FlowGenerator    FlagFIN current has 1775 flow
2023-01-05 14:45:18 DEBUG cic.cs.unb.ca.jnetpcap.FlowGenerator    FlagFIN current has 1798 flow
2023-01-05 14:45:18 DEBUG cic.cs.unb.ca.jnetpcap.FlowGenerator    FlagFIN current has 1798 flow
2023-01-05 14:45:18 DEBUG cic.cs.unb.ca.jnetpcap.FlowGenerator    FlagFIN current has 1797 flow
2023-01-05 14:45:18 DEBUG cic.cs.unb.ca.jnetpcap.FlowGenerator    FlagFIN current has 1801 flow
2023-01-05 14:45:18 DEBUG cic.cs.unb.ca.jnetpcap.FlowGenerator    FlagFIN current has 1801 flow
2023-01-05 14:45:18 DEBUG cic.cs.unb.ca.jnetpcap.FlowGenerator    FlagFIN current has 1801 flow
2023-01-05 14:46:05 DEBUG cic.cs.unb.ca.jnetpcap.FlowGenerator    FlagFIN current has 1841 flow
2023-01-05 14:46:05 DEBUG cic.cs.unb.ca.jnetpcap.FlowGenerator    FlagFIN current has 1842 flow
2023-01-05 14:46:05 DEBUG cic.cs.unb.ca.jnetpcap.FlowGenerator    FlagFIN current has 1842 flow
2023-01-05 14:46:05 DEBUG cic.cs.unb.ca.jnetpcap.FlowGenerator    FlagFIN current has 1842 flow
2023-01-05 14:46:06 DEBUG cic.cs.unb.ca.jnetpcap.FlowGenerator    FlagFIN current has 1848 flow
2023-01-05 14:46:06 DEBUG cic.cs.unb.ca.jnetpcap.FlowGenerator    FlagFIN current has 1851 flow
2023-01-05 14:46:08 DEBUG cic.cs.unb.ca.jnetpcap.FlowGenerator    FlagFIN current has 1878 flow
2023-01-05 14:46:08 DEBUG cic.cs.unb.ca.jnetpcap.FlowGenerator    FlagFIN current has 1878 flow
2023-01-05 14:46:08 DEBUG cic.cs.unb.ca.jnetpcap.FlowGenerator    FlagFIN current has 1887 flow
2023-01-05 14:46:08 DEBUG cic.cs.unb.ca.jnetpcap.FlowGenerator    FlagFIN current has 1887 flow
2023-01-05 14:46:08 DEBUG cic.cs.unb.ca.jnetpcap.FlowGenerator    FlagFIN current has 1902 flow
2023-01-05 14:46:08 DEBUG cic.cs.unb.ca.jnetpcap.FlowGenerator    FlagFIN current has 1901 flow
2023-01-05 14:46:08 DEBUG cic.cs.unb.ca.jnetpcap.FlowGenerator    FlagFIN current has 1900 flow
2023-01-05 14:46:08 DEBUG cic.cs.unb.ca.jnetpcap.FlowGenerator    FlagFIN current has 1899 flow
2023-01-05 14:46:08 DEBUG cic.cs.unb.ca.jnetpcap.FlowGenerator    FlagFIN current has 1898 flow
2023-01-05 14:46:08 DEBUG cic.cs.unb.ca.jnetpcap.FlowGenerator    FlagFIN current has 1897 flow
2023-01-05 14:46:08 DEBUG cic.cs.unb.ca.jnetpcap.FlowGenerator    FlagFIN current has 1898 flow
2023-01-05 14:46:08 DEBUG cic.cs.unb.ca.jnetpcap.FlowGenerator    FlagFIN current has 1898 flow
2023-01-05 14:46:10 DEBUG cic.cs.unb.ca.jnetpcap.FlowGenerator    FlagFIN current has 1900 flow
2023-01-05 14:46:10 DEBUG cic.cs.unb.ca.jnetpcap.FlowGenerator    FlagFIN current has 1900 flow
2023-01-05 14:46:10 DEBUG cic.cs.unb.ca.jnetpcap.FlowGenerator    FlagFIN current has 1901 flow
2023-01-05 14:46:10 DEBUG cic.cs.unb.ca.jnetpcap.FlowGenerator    FlagFIN current has 1902 flow
2023-01-05 14:46:10 DEBUG cic.cs.unb.ca.jnetpcap.FlowGenerator    FlagFIN current has 1911 flow
2023-01-05 14:46:10 DEBUG cic.cs.unb.ca.jnetpcap.FlowGenerator    FlagFIN current has 1911 flow
2023-01-05 14:46:10 DEBUG cic.cs.unb.ca.jnetpcap.FlowGenerator    FlagFIN current has 1931 flow
2023-01-05 14:46:11 DEBUG cic.cs.unb.ca.jnetpcap.FlowGenerator    FlagFIN current has 1965 flow
2023-01-05 14:46:22 DEBUG cic.cs.unb.ca.jnetpcap.FlowGenerator    FlagFIN current has 1970 flow
2023-01-05 14:46:22 DEBUG cic.cs.unb.ca.jnetpcap.FlowGenerator    FlagFIN current has 1971 flow
2023-01-05 14:46:22 DEBUG cic.cs.unb.ca.jnetpcap.FlowGenerator    FlagFIN current has 1971 flow
2023-01-05 14:46:22 DEBUG cic.cs.unb.ca.jnetpcap.FlowGenerator    FlagFIN current has 1971 flow
2023-01-05 14:46:22 DEBUG cic.cs.unb.ca.jnetpcap.FlowGenerator    FlagFIN current has 1971 flow
2023-01-05 14:46:22 DEBUG cic.cs.unb.ca.jnetpcap.FlowGenerator    FlagFIN current has 1974 flow
2023-01-05 14:46:23 DEBUG cic.cs.unb.ca.jnetpcap.FlowGenerator    FlagFIN current has 2111 flow
2023-01-05 14:46:23 DEBUG cic.cs.unb.ca.jnetpcap.FlowGenerator    FlagFIN current has 2115 flow
2023-01-05 14:46:23 DEBUG cic.cs.unb.ca.jnetpcap.FlowGenerator    FlagFIN current has 2122 flow
2023-01-05 14:46:23 DEBUG cic.cs.unb.ca.jnetpcap.FlowGenerator    FlagFIN current has 2123 flow
2023-01-05 14:46:25 DEBUG cic.cs.unb.ca.jnetpcap.FlowGenerator    FlagFIN current has 2252 flow
2023-01-05 14:46:25 DEBUG cic.cs.unb.ca.jnetpcap.FlowGenerator    FlagFIN current has 2253 flow
2023-01-05 14:46:26 DEBUG cic.cs.unb.ca.jnetpcap.FlowGenerator    FlagFIN current has 2306 flow
2023-01-05 14:46:27 DEBUG cic.cs.unb.ca.jnetpcap.FlowGenerator    FlagFIN current has 2337 flow
2023-01-05 14:46:27 DEBUG cic.cs.unb.ca.jnetpcap.FlowGenerator    FlagFIN current has 2341 flow
2023-01-05 14:46:27 DEBUG cic.cs.unb.ca.jnetpcap.FlowGenerator    FlagFIN current has 2341 flow
2023-01-05 14:46:27 DEBUG cic.cs.unb.ca.jnetpcap.FlowGenerator    FlagFIN current has 2368 flow
2023-01-05 14:46:27 DEBUG cic.cs.unb.ca.jnetpcap.FlowGenerator    FlagFIN current has 2368 flow
2023-01-05 14:46:36 DEBUG cic.cs.unb.ca.jnetpcap.FlowGenerator    FlagFIN current has 2406 flow
2023-01-05 14:46:36 DEBUG cic.cs.unb.ca.jnetpcap.FlowGenerator    FlagFIN current has 2415 flow
2023-01-05 14:46:36 DEBUG cic.cs.unb.ca.jnetpcap.FlowGenerator    FlagFIN current has 2416 flow
2023-01-05 14:46:36 DEBUG cic.cs.unb.ca.jnetpcap.FlowGenerator    FlagFIN current has 2416 flow
2023-01-05 14:46:36 DEBUG cic.cs.unb.ca.jnetpcap.FlowGenerator    FlagFIN current has 2417 flow
2023-01-05 14:46:36 DEBUG cic.cs.unb.ca.jnetpcap.FlowGenerator    FlagFIN current has 2417 flow
2023-01-05 14:46:36 DEBUG cic.cs.unb.ca.jnetpcap.FlowGenerator    FlagFIN current has 2417 flow
2023-01-05 14:46:36 DEBUG cic.cs.unb.ca.jnetpcap.FlowGenerator    FlagFIN current has 2417 flow
2023-01-05 14:46:36 DEBUG cic.cs.unb.ca.jnetpcap.FlowGenerator    FlagFIN current has 2417 flow
2023-01-05 14:46:36 DEBUG cic.cs.unb.ca.jnetpcap.FlowGenerator    FlagFIN current has 2417 flow
2023-01-05 14:46:36 DEBUG cic.cs.unb.ca.jnetpcap.FlowGenerator    FlagFIN current has 2417 flow
2023-01-05 14:46:36 DEBUG cic.cs.unb.ca.jnetpcap.FlowGenerator    FlagFIN current has 2417 flow
2023-01-05 14:46:36 DEBUG cic.cs.unb.ca.jnetpcap.FlowGenerator    FlagFIN current has 2417 flow
2023-01-05 14:46:36 DEBUG cic.cs.unb.ca.jnetpcap.FlowGenerator    FlagFIN current has 2416 flow
2023-01-05 14:46:36 DEBUG cic.cs.unb.ca.jnetpcap.FlowGenerator    FlagFIN current has 2417 flow
2023-01-05 14:46:36 DEBUG cic.cs.unb.ca.jnetpcap.FlowGenerator    FlagFIN current has 2417 flow
2023-01-05 14:46:36 DEBUG cic.cs.unb.ca.jnetpcap.FlowGenerator    FlagFIN current has 2417 flow
2023-01-05 14:46:36 DEBUG cic.cs.unb.ca.jnetpcap.FlowGenerator    FlagFIN current has 2416 flow
2023-01-05 14:46:36 DEBUG cic.cs.unb.ca.jnetpcap.FlowGenerator    FlagFIN current has 2416 flow
2023-01-05 14:46:36 DEBUG cic.cs.unb.ca.jnetpcap.FlowGenerator    FlagFIN current has 2437 flow
2023-01-05 14:46:36 DEBUG cic.cs.unb.ca.jnetpcap.FlowGenerator    FlagFIN current has 2437 flow
2023-01-05 14:46:36 DEBUG cic.cs.unb.ca.jnetpcap.FlowGenerator    FlagFIN current has 2437 flow
2023-01-05 14:46:36 DEBUG cic.cs.unb.ca.jnetpcap.FlowGenerator    FlagFIN current has 2437 flow
2023-01-05 14:46:36 DEBUG cic.cs.unb.ca.jnetpcap.FlowGenerator    FlagFIN current has 2437 flow
2023-01-05 14:46:36 DEBUG cic.cs.unb.ca.jnetpcap.FlowGenerator    FlagFIN current has 2436 flow
2023-01-05 14:46:36 DEBUG cic.cs.unb.ca.jnetpcap.FlowGenerator    FlagFIN current has 2436 flow
2023-01-05 14:46:36 DEBUG cic.cs.unb.ca.jnetpcap.FlowGenerator    FlagFIN current has 2437 flow
2023-01-05 14:46:36 DEBUG cic.cs.unb.ca.jnetpcap.FlowGenerator    FlagFIN current has 2436 flow
2023-01-05 14:46:36 DEBUG cic.cs.unb.ca.jnetpcap.FlowGenerator    FlagFIN current has 2436 flow
2023-01-05 14:46:36 DEBUG cic.cs.unb.ca.jnetpcap.FlowGenerator    FlagFIN current has 2435 flow
2023-01-05 14:46:36 DEBUG cic.cs.unb.ca.jnetpcap.FlowGenerator    FlagFIN current has 2435 flow
2023-01-05 14:46:36 DEBUG cic.cs.unb.ca.jnetpcap.FlowGenerator    FlagFIN current has 2434 flow
2023-01-05 14:46:36 DEBUG cic.cs.unb.ca.jnetpcap.FlowGenerator    FlagFIN current has 2436 flow
2023-01-05 14:46:37 DEBUG cic.cs.unb.ca.jnetpcap.FlowGenerator    FlagFIN current has 2438 flow
2023-01-05 14:46:47 DEBUG cic.cs.unb.ca.jnetpcap.FlowGenerator    FlagFIN current has 2438 flow
2023-01-05 14:46:47 DEBUG cic.cs.unb.ca.jnetpcap.FlowGenerator    FlagFIN current has 2438 flow
2023-01-05 14:46:47 DEBUG cic.cs.unb.ca.jnetpcap.FlowGenerator    FlagFIN current has 2438 flow
2023-01-05 14:46:47 DEBUG cic.cs.unb.ca.jnetpcap.FlowGenerator    FlagFIN current has 2438 flow
2023-01-05 14:46:47 DEBUG cic.cs.unb.ca.jnetpcap.FlowGenerator    FlagFIN current has 2438 flow
2023-01-05 14:46:47 DEBUG cic.cs.unb.ca.jnetpcap.FlowGenerator    FlagFIN current has 2439 flow
2023-01-05 14:46:47 DEBUG cic.cs.unb.ca.jnetpcap.FlowGenerator    FlagFIN current has 2439 flow
2023-01-05 14:46:47 DEBUG cic.cs.unb.ca.jnetpcap.FlowGenerator    FlagFIN current has 2438 flow
2023-01-05 14:46:47 DEBUG cic.cs.unb.ca.jnetpcap.FlowGenerator    FlagFIN current has 2438 flow
2023-01-05 14:46:47 DEBUG cic.cs.unb.ca.jnetpcap.FlowGenerator    FlagFIN current has 2439 flow
2023-01-05 14:46:47 DEBUG cic.cs.unb.ca.jnetpcap.FlowGenerator    FlagFIN current has 2439 flow
2023-01-05 14:46:47 DEBUG cic.cs.unb.ca.jnetpcap.FlowGenerator    FlagFIN current has 2439 flow
2023-01-05 14:46:47 DEBUG cic.cs.unb.ca.jnetpcap.FlowGenerator    FlagFIN current has 2439 flow
2023-01-05 14:46:47 DEBUG cic.cs.unb.ca.jnetpcap.FlowGenerator    FlagFIN current has 2439 flow
2023-01-05 14:46:47 DEBUG cic.cs.unb.ca.jnetpcap.FlowGenerator    FlagFIN current has 2439 flow
2023-01-05 14:46:47 DEBUG cic.cs.unb.ca.jnetpcap.FlowGenerator    FlagFIN current has 2439 flow
2023-01-05 14:46:47 DEBUG cic.cs.unb.ca.jnetpcap.FlowGenerator    FlagFIN current has 2438 flow
2023-01-05 14:46:47 DEBUG cic.cs.unb.ca.jnetpcap.FlowGenerator    FlagFIN current has 2438 flow
2023-01-05 14:46:47 DEBUG cic.cs.unb.ca.jnetpcap.FlowGenerator    FlagFIN current has 2438 flow
2023-01-05 14:46:47 DEBUG cic.cs.unb.ca.jnetpcap.FlowGenerator    FlagFIN current has 2438 flow
2023-01-05 14:46:47 DEBUG cic.cs.unb.ca.jnetpcap.FlowGenerator    FlagFIN current has 2438 flow
2023-01-05 14:46:51 DEBUG cic.cs.unb.ca.jnetpcap.FlowGenerator    FlagFIN current has 2441 flow
2023-01-05 14:46:51 DEBUG cic.cs.unb.ca.jnetpcap.FlowGenerator    FlagFIN current has 2441 flow
2023-01-05 14:47:34 DEBUG cic.cs.unb.ca.jnetpcap.FlowGenerator    FlagFIN current has 2443 flow
2023-01-05 14:47:34 DEBUG cic.cs.unb.ca.jnetpcap.FlowGenerator    FlagFIN current has 2443 flow
2023-01-05 14:47:34 DEBUG cic.cs.unb.ca.jnetpcap.FlowGenerator    FlagFIN current has 2443 flow
2023-01-05 14:47:34 DEBUG cic.cs.unb.ca.jnetpcap.FlowGenerator    FlagFIN current has 2444 flow
2023-01-05 14:47:34 DEBUG cic.cs.unb.ca.jnetpcap.FlowGenerator    FlagFIN current has 2445 flow
2023-01-05 14:47:34 DEBUG cic.cs.unb.ca.jnetpcap.FlowGenerator    FlagFIN current has 2445 flow
2023-01-05 14:47:34 DEBUG cic.cs.unb.ca.jnetpcap.FlowGenerator    FlagFIN current has 2445 flow
2023-01-05 14:47:34 DEBUG cic.cs.unb.ca.jnetpcap.FlowGenerator    FlagFIN current has 2444 flow
2023-01-05 14:47:34 DEBUG cic.cs.unb.ca.jnetpcap.FlowGenerator    FlagFIN current has 2444 flow
2023-01-05 14:47:34 DEBUG cic.cs.unb.ca.jnetpcap.FlowGenerator    FlagFIN current has 2443 flow
2023-01-05 14:47:34 DEBUG cic.cs.unb.ca.jnetpcap.FlowGenerator    FlagFIN current has 2443 flow
2023-01-05 14:47:34 DEBUG cic.cs.unb.ca.jnetpcap.FlowGenerator    FlagFIN current has 2445 flow
2023-01-05 14:47:34 DEBUG cic.cs.unb.ca.jnetpcap.FlowGenerator    FlagFIN current has 2445 flow
2023-01-05 14:47:34 DEBUG cic.cs.unb.ca.jnetpcap.FlowGenerator    FlagFIN current has 2445 flow
2023-01-05 14:47:34 DEBUG cic.cs.unb.ca.jnetpcap.FlowGenerator    FlagFIN current has 2457 flow
2023-01-05 14:47:34 DEBUG cic.cs.unb.ca.jnetpcap.FlowGenerator    FlagFIN current has 2456 flow
2023-01-05 14:47:34 DEBUG cic.cs.unb.ca.jnetpcap.FlowGenerator    FlagFIN current has 2455 flow
2023-01-05 14:47:34 DEBUG cic.cs.unb.ca.jnetpcap.FlowGenerator    FlagFIN current has 2454 flow
2023-01-05 14:47:34 DEBUG cic.cs.unb.ca.jnetpcap.FlowGenerator    FlagFIN current has 2453 flow
2023-01-05 14:47:34 DEBUG cic.cs.unb.ca.jnetpcap.FlowGenerator    FlagFIN current has 2452 flow
2023-01-05 14:47:34 DEBUG cic.cs.unb.ca.jnetpcap.FlowGenerator    FlagFIN current has 2451 flow
2023-01-05 14:47:34 DEBUG cic.cs.unb.ca.jnetpcap.FlowGenerator    FlagFIN current has 2450 flow
2023-01-05 14:47:34 DEBUG cic.cs.unb.ca.jnetpcap.FlowGenerator    FlagFIN current has 2449 flow
2023-01-05 14:47:34 DEBUG cic.cs.unb.ca.jnetpcap.FlowGenerator    FlagFIN current has 2448 flow
2023-01-05 14:47:34 DEBUG cic.cs.unb.ca.jnetpcap.FlowGenerator    FlagFIN current has 2447 flow
2023-01-05 14:47:34 DEBUG cic.cs.unb.ca.jnetpcap.FlowGenerator    FlagFIN current has 2446 flow
2023-01-05 14:47:34 DEBUG cic.cs.unb.ca.jnetpcap.FlowGenerator    FlagFIN current has 2445 flow
2023-01-05 14:47:34 DEBUG cic.cs.unb.ca.jnetpcap.FlowGenerator    FlagFIN current has 2444 flow
2023-01-05 14:47:34 DEBUG cic.cs.unb.ca.jnetpcap.FlowGenerator    FlagFIN current has 2443 flow
2023-01-05 14:47:34 DEBUG cic.cs.unb.ca.jnetpcap.FlowGenerator    FlagFIN current has 2442 flow
2023-01-05 14:47:34 DEBUG cic.cs.unb.ca.jnetpcap.FlowGenerator    FlagFIN current has 2441 flow
2023-01-05 14:47:34 DEBUG cic.cs.unb.ca.jnetpcap.FlowGenerator    FlagFIN current has 2440 flow
2023-01-05 14:47:34 DEBUG cic.cs.unb.ca.jnetpcap.FlowGenerator    FlagFIN current has 2439 flow
2023-01-05 14:47:34 DEBUG cic.cs.unb.ca.jnetpcap.FlowGenerator    FlagFIN current has 2438 flow
2023-01-05 14:47:34 DEBUG cic.cs.unb.ca.jnetpcap.FlowGenerator    FlagFIN current has 2437 flow
2023-01-05 14:47:34 DEBUG cic.cs.unb.ca.jnetpcap.FlowGenerator    FlagFIN current has 2436 flow
2023-01-05 14:47:34 DEBUG cic.cs.unb.ca.jnetpcap.FlowGenerator    FlagFIN current has 2435 flow
2023-01-05 14:47:34 DEBUG cic.cs.unb.ca.jnetpcap.FlowGenerator    FlagFIN current has 2434 flow
2023-01-05 14:47:34 DEBUG cic.cs.unb.ca.jnetpcap.FlowGenerator    FlagFIN current has 2433 flow
2023-01-05 14:47:34 DEBUG cic.cs.unb.ca.jnetpcap.FlowGenerator    FlagFIN current has 2432 flow
2023-01-05 14:47:34 DEBUG cic.cs.unb.ca.jnetpcap.FlowGenerator    FlagFIN current has 2431 flow
2023-01-05 14:47:34 DEBUG cic.cs.unb.ca.jnetpcap.FlowGenerator    FlagFIN current has 2430 flow
2023-01-05 14:47:34 DEBUG cic.cs.unb.ca.jnetpcap.FlowGenerator    FlagFIN current has 2429 flow
2023-01-05 14:47:34 DEBUG cic.cs.unb.ca.jnetpcap.FlowGenerator    FlagFIN current has 2428 flow
2023-01-05 14:47:34 DEBUG cic.cs.unb.ca.jnetpcap.FlowGenerator    FlagFIN current has 2427 flow
2023-01-05 14:47:34 DEBUG cic.cs.unb.ca.jnetpcap.FlowGenerator    FlagFIN current has 2426 flow
2023-01-05 14:47:34 DEBUG cic.cs.unb.ca.jnetpcap.FlowGenerator    FlagFIN current has 2425 flow
2023-01-05 14:47:34 DEBUG cic.cs.unb.ca.jnetpcap.FlowGenerator    FlagFIN current has 2424 flow
2023-01-05 14:47:34 DEBUG cic.cs.unb.ca.jnetpcap.FlowGenerator    FlagFIN current has 2423 flow
2023-01-05 14:47:34 DEBUG cic.cs.unb.ca.jnetpcap.FlowGenerator    FlagFIN current has 2422 flow
2023-01-05 14:47:34 DEBUG cic.cs.unb.ca.jnetpcap.FlowGenerator    FlagFIN current has 2421 flow
2023-01-05 14:47:34 DEBUG cic.cs.unb.ca.jnetpcap.FlowGenerator    FlagFIN current has 2420 flow
2023-01-05 14:47:34 DEBUG cic.cs.unb.ca.jnetpcap.FlowGenerator    FlagFIN current has 2419 flow
2023-01-05 14:47:34 DEBUG cic.cs.unb.ca.jnetpcap.FlowGenerator    FlagFIN current has 2418 flow
2023-01-05 14:47:34 DEBUG cic.cs.unb.ca.jnetpcap.FlowGenerator    FlagFIN current has 2417 flow
2023-01-05 14:47:34 DEBUG cic.cs.unb.ca.jnetpcap.FlowGenerator    FlagFIN current has 2416 flow
2023-01-05 14:47:34 DEBUG cic.cs.unb.ca.jnetpcap.FlowGenerator    FlagFIN current has 2415 flow
2023-01-05 14:47:34 DEBUG cic.cs.unb.ca.jnetpcap.FlowGenerator    FlagFIN current has 2414 flow
2023-01-05 14:47:34 DEBUG cic.cs.unb.ca.jnetpcap.FlowGenerator    FlagFIN current has 2413 flow
2023-01-05 14:47:34 DEBUG cic.cs.unb.ca.jnetpcap.FlowGenerator    FlagFIN current has 2412 flow
2023-01-05 14:47:34 DEBUG cic.cs.unb.ca.jnetpcap.FlowGenerator    FlagFIN current has 2411 flow
2023-01-05 14:47:34 DEBUG cic.cs.unb.ca.jnetpcap.FlowGenerator    FlagFIN current has 2412 flow
2023-01-05 14:47:34 DEBUG cic.cs.unb.ca.jnetpcap.FlowGenerator    FlagFIN current has 2413 flow
2023-01-05 14:47:34 DEBUG cic.cs.unb.ca.jnetpcap.FlowGenerator    FlagFIN current has 2414 flow
2023-01-05 14:47:34 DEBUG cic.cs.unb.ca.jnetpcap.FlowGenerator    FlagFIN current has 2424 flow
2023-01-05 14:47:34 DEBUG cic.cs.unb.ca.jnetpcap.FlowGenerator    FlagFIN current has 2436 flow
2023-01-05 14:47:34 DEBUG cic.cs.unb.ca.jnetpcap.FlowGenerator    FlagFIN current has 2436 flow
2023-01-05 14:47:34 DEBUG cic.cs.unb.ca.jnetpcap.FlowGenerator    FlagFIN current has 2436 flow
2023-01-05 14:47:34 DEBUG cic.cs.unb.ca.jnetpcap.FlowGenerator    FlagFIN current has 2436 flow
2023-01-05 14:47:34 DEBUG cic.cs.unb.ca.jnetpcap.FlowGenerator    FlagFIN current has 2436 flow
2023-01-05 14:47:34 DEBUG cic.cs.unb.ca.jnetpcap.FlowGenerator    FlagFIN current has 2441 flow
2023-01-05 14:47:34 DEBUG cic.cs.unb.ca.jnetpcap.FlowGenerator    FlagFIN current has 2441 flow
2023-01-05 14:47:34 DEBUG cic.cs.unb.ca.jnetpcap.FlowGenerator    FlagFIN current has 2441 flow
2023-01-05 14:47:34 DEBUG cic.cs.unb.ca.jnetpcap.FlowGenerator    FlagFIN current has 2441 flow
2023-01-05 14:47:34 DEBUG cic.cs.unb.ca.jnetpcap.FlowGenerator    FlagFIN current has 2440 flow
2023-01-05 14:47:34 DEBUG cic.cs.unb.ca.jnetpcap.FlowGenerator    FlagFIN current has 2441 flow
2023-01-05 14:47:34 DEBUG cic.cs.unb.ca.jnetpcap.FlowGenerator    FlagFIN current has 2440 flow
2023-01-05 14:47:34 DEBUG cic.cs.unb.ca.jnetpcap.FlowGenerator    FlagFIN current has 2442 flow
2023-01-05 14:47:34 DEBUG cic.cs.unb.ca.jnetpcap.FlowGenerator    FlagFIN current has 2442 flow
2023-01-05 14:47:34 DEBUG cic.cs.unb.ca.jnetpcap.FlowGenerator    FlagFIN current has 2442 flow
2023-01-05 14:47:34 DEBUG cic.cs.unb.ca.jnetpcap.FlowGenerator    FlagFIN current has 2441 flow
2023-01-05 14:47:34 DEBUG cic.cs.unb.ca.jnetpcap.FlowGenerator    FlagFIN current has 2442 flow
2023-01-05 14:47:34 DEBUG cic.cs.unb.ca.jnetpcap.FlowGenerator    FlagFIN current has 2442 flow
2023-01-05 14:47:34 DEBUG cic.cs.unb.ca.jnetpcap.FlowGenerator    FlagFIN current has 2443 flow
2023-01-05 14:47:34 DEBUG cic.cs.unb.ca.jnetpcap.FlowGenerator    FlagFIN current has 2443 flow
2023-01-05 14:47:34 DEBUG cic.cs.unb.ca.jnetpcap.FlowGenerator    FlagFIN current has 2443 flow
2023-01-05 14:47:34 DEBUG cic.cs.unb.ca.jnetpcap.FlowGenerator    FlagFIN current has 2443 flow
2023-01-05 14:47:34 DEBUG cic.cs.unb.ca.jnetpcap.FlowGenerator    FlagFIN current has 2443 flow
2023-01-05 14:47:34 DEBUG cic.cs.unb.ca.jnetpcap.FlowGenerator    FlagFIN current has 2444 flow
2023-01-05 14:47:34 DEBUG cic.cs.unb.ca.jnetpcap.FlowGenerator    FlagFIN current has 2443 flow
2023-01-05 14:47:34 DEBUG cic.cs.unb.ca.jnetpcap.FlowGenerator    FlagFIN current has 2444 flow
2023-01-05 14:47:34 DEBUG cic.cs.unb.ca.jnetpcap.FlowGenerator    FlagFIN current has 2443 flow
2023-01-05 14:47:34 DEBUG cic.cs.unb.ca.jnetpcap.FlowGenerator    FlagFIN current has 2446 flow
2023-01-05 14:47:34 DEBUG cic.cs.unb.ca.jnetpcap.FlowGenerator    FlagFIN current has 2445 flow
2023-01-05 14:47:34 DEBUG cic.cs.unb.ca.jnetpcap.FlowGenerator    FlagFIN current has 2448 flow
2023-01-05 14:47:34 DEBUG cic.cs.unb.ca.jnetpcap.FlowGenerator    FlagFIN current has 2447 flow
2023-01-05 14:47:34 DEBUG cic.cs.unb.ca.jnetpcap.FlowGenerator    FlagFIN current has 2451 flow
2023-01-05 14:47:34 DEBUG cic.cs.unb.ca.jnetpcap.FlowGenerator    FlagFIN current has 2452 flow
2023-01-05 14:47:34 DEBUG cic.cs.unb.ca.jnetpcap.FlowGenerator    FlagFIN current has 2453 flow
2023-01-05 14:47:34 DEBUG cic.cs.unb.ca.jnetpcap.FlowGenerator    FlagFIN current has 2454 flow
2023-01-05 14:47:34 DEBUG cic.cs.unb.ca.jnetpcap.FlowGenerator    FlagFIN current has 2456 flow
2023-01-05 14:47:34 DEBUG cic.cs.unb.ca.jnetpcap.FlowGenerator    FlagFIN current has 2456 flow
2023-01-05 14:47:34 DEBUG cic.cs.unb.ca.jnetpcap.FlowGenerator    FlagFIN current has 2458 flow
2023-01-05 14:47:34 DEBUG cic.cs.unb.ca.jnetpcap.FlowGenerator    FlagFIN current has 2458 flow
2023-01-05 14:47:34 DEBUG cic.cs.unb.ca.jnetpcap.FlowGenerator    FlagFIN current has 2459 flow
2023-01-05 14:47:34 DEBUG cic.cs.unb.ca.jnetpcap.FlowGenerator    FlagFIN current has 2462 flow
2023-01-05 14:47:34 DEBUG cic.cs.unb.ca.jnetpcap.FlowGenerator    FlagFIN current has 2465 flow
2023-01-05 14:47:34 DEBUG cic.cs.unb.ca.jnetpcap.FlowGenerator    FlagFIN current has 2465 flow
2023-01-05 14:47:34 DEBUG cic.cs.unb.ca.jnetpcap.FlowGenerator    FlagFIN current has 2465 flow
2023-01-05 14:47:34 DEBUG cic.cs.unb.ca.jnetpcap.FlowGenerator    FlagFIN current has 2467 flow
2023-01-05 14:47:34 DEBUG cic.cs.unb.ca.jnetpcap.FlowGenerator    FlagFIN current has 2466 flow
2023-01-05 14:47:34 DEBUG cic.cs.unb.ca.jnetpcap.FlowGenerator    FlagFIN current has 2465 flow
2023-01-05 14:47:34 DEBUG cic.cs.unb.ca.jnetpcap.FlowGenerator    FlagFIN current has 2464 flow
2023-01-05 14:47:35 DEBUG cic.cs.unb.ca.jnetpcap.FlowGenerator    FlagFIN current has 2475 flow
2023-01-05 14:47:35 DEBUG cic.cs.unb.ca.jnetpcap.FlowGenerator    FlagFIN current has 2475 flow
2023-01-05 14:47:35 DEBUG cic.cs.unb.ca.jnetpcap.FlowGenerator    FlagFIN current has 2477 flow
2023-01-05 14:47:35 DEBUG cic.cs.unb.ca.jnetpcap.FlowGenerator    FlagFIN current has 2476 flow
2023-01-05 14:47:36 DEBUG cic.cs.unb.ca.jnetpcap.FlowGenerator    FlagFIN current has 2496 flow
2023-01-05 14:47:37 DEBUG cic.cs.unb.ca.jnetpcap.FlowGenerator    FlagFIN current has 2496 flow
2023-01-05 14:47:37 DEBUG cic.cs.unb.ca.jnetpcap.FlowGenerator    FlagFIN current has 2496 flow
