2021-09-27 14:32:31 - Pcap is listening...
2021-09-27 14:35:48 - Pcap stop listening
2021-09-27 14:35:48 - path:D:\cicflowmeter-4\CICFlowMeter-4.0\bin\data\daily\2021-09-27_Flow.csv
2021-09-27 14:42:50 - path:D:\cicflowmeter-4\CICFlowMeter-4.0\bin\data\daily\2021-09-27_Flow.csv
2021-09-27 14:49:50 - Pcap is listening...
2021-09-27 14:52:55 - Pcap stop listening
2021-09-27 14:52:55 - path:C:\Users\Network Lab\Desktop\J L Shreya\CICFlowMeter and ISCXFlowMeter\cicflowmeter-4\CICFlowMeter-4.0\bin\data\daily\2021-09-27_Flow.csv
2021-09-27 14:53:05 - Pcap is listening...
2021-09-27 14:54:31 - Pcap stop listening
2021-09-27 14:54:31 - path:C:\Users\Network Lab\Desktop\J L Shreya\CICFlowMeter and ISCXFlowMeter\cicflowmeter-4\CICFlowMeter-4.0\bin\data\daily\2021-09-27_Flow.csv
2021-09-27 14:54:49 - path:C:\Users\Network Lab\Desktop\J L Shreya\CICFlowMeter and ISCXFlowMeter\cicflowmeter-4\CICFlowMeter-4.0\bin\data\daily\2021-09-27_Flow.csv
2021-09-27 14:54:49 - path:C:\Users\Network Lab\Desktop\J L Shreya\CICFlowMeter and ISCXFlowMeter\cicflowmeter-4\CICFlowMeter-4.0\bin\data\daily\2021-09-27_Flow.csv
2021-09-27 14:56:26 - Pcap is listening...
2021-09-27 16:01:14 - Pcap stop listening
2021-09-27 16:01:14 - path:C:\Users\Network Lab\Desktop\J L Shreya\CICFlowMeter and ISCXFlowMeter\cicflowmeter-4\CICFlowMeter-4.0\bin\data\daily\2021-09-27_Flow.csv
2021-09-29 19:01:19 - Pcap is listening...
2021-09-29 19:04:20 - Pcap stop listening
2021-09-29 19:04:20 - path:C:\Users\Network Lab\Desktop\J L Shreya\CICFlowMeter and ISCXFlowMeter\cicflowmeter-4\CICFlowMeter-4.0\bin\data\daily\2021-09-29_Flow.csv
2021-09-29 19:07:47 - path:C:\Users\Network Lab\Desktop\J L Shreya\CICFlowMeter and ISCXFlowMeter\cicflowmeter-4\CICFlowMeter-4.0\bin\data\daily\2021-09-29_Flow.csv
2021-12-19 20:29:20 - Pcap is listening...
2021-12-19 20:34:17 - Pcap stop listening
2021-12-19 20:34:17 - path:F:\CICFlowMeter-4.0\bin\data\daily\2021-12-19_Flow.csv
2021-12-19 20:40:47 - Pcap is listening...
2021-12-19 20:41:21 - Pcap stop listening
2021-12-19 20:41:22 - path:F:\CICFlowMeter-4.0\bin\data\daily\2021-12-19_Flow.csv
2023-01-05 14:01:27 - Pcap is listening...
2023-01-05 14:01:43 - Pcap stop listening
2023-01-05 14:01:43 - path:/home/valderlan/CICFlowMeter/bin/data/daily/2023-01-05_Flow.csv
2023-01-05 14:01:47 - open dbus-session fail -> dbus-session: Failed to get session bus: /usr/bin/dbus-launch terminated abnormally without any error message
2023-01-05 14:01:57 - path:/home/valderlan/CICFlowMeter/bin/data/daily/2023-01-05_Flow.csv
2023-01-05 14:02:45 - path:/home/valderlan/CICFlowMeter/bin/data/daily/2023-01-05_Flow.csv
2023-01-05 14:02:56 - path:/home/valderlan/CICFlowMeter/bin/data/daily/2023-01-05_Flow.csv
2023-01-05 14:05:33 - path:/home/valderlan/CICFlowMeter/bin/data/daily/2023-01-05_Flow.csv
2023-01-05 14:20:11 - Pcap is listening...
2023-01-05 14:21:51 - Pcap stop listening
2023-01-05 14:21:51 - path:/home/valderlan/CICFlowMeter/bin/data/daily/2023-01-05_Flow.csv
2023-01-05 14:22:13 - path:/home/valderlan/CICFlowMeter/bin/data/daily/2023-01-05_Flow.csv
2023-01-05 14:22:19 - Pcap is listening...
2023-01-05 14:23:57 - Pcap stop listening
2023-01-05 14:23:57 - path:/home/valderlan/CICFlowMeter/bin/data/daily/2023-01-05_Flow.csv
2023-01-05 14:24:00 - Pcap is listening...
2023-01-05 14:33:23 - Pcap is listening...
2023-01-05 14:34:04 - Pcap is listening...
2023-01-05 14:34:30 - Pcap stop listening
2023-01-05 14:34:30 - path:/home/valderlan/CICFlowMeterv4/bin/data/daily/2023-01-05_Flow.csv
2023-01-05 14:34:34 - Pcap is listening...
2023-01-05 14:34:39 - Pcap stop listening
2023-01-05 14:34:39 - path:/home/valderlan/CICFlowMeterv4/bin/data/daily/2023-01-05_Flow.csv
2023-01-05 14:36:24 - Pcap is listening...
2023-01-16 11:26:40 - Pcap is listening...
2023-01-16 11:27:05 - Pcap stop listening
2023-01-16 11:27:05 - path:/home/valderlan/CICFlowMeterv4/bin/data/daily/2023-01-16_Flow.csv
2023-01-16 11:27:27 - path:/home/valderlan/CICFlowMeterv4/bin/data/daily/2023-01-16_Flow.csv
2023-01-16 11:27:41 - path:/home/valderlan/CICFlowMeterv4/bin/data/daily/2023-01-16_Flow.csv
2023-01-16 11:27:48 - Pcap is listening...
2023-01-16 11:28:47 - Pcap stop listening
2023-01-16 11:28:47 - path:/home/valderlan/CICFlowMeterv4/bin/data/daily/2023-01-16_Flow.csv
2023-01-16 11:29:07 - Pcap is listening...
2023-01-16 11:34:00 - Pcap is listening...
2023-01-16 11:34:43 - Pcap stop listening
2023-01-16 11:34:43 - path:/home/valderlan/NetMonitor/TCPDUMP_and_CICFlowMeter/CICFlowMeters/CICFlowMeterv4/bin/data/daily/2023-01-16_Flow.csv
2023-01-16 11:35:07 - Pcap is listening...
2023-01-16 12:27:51 - Pcap stop listening
2023-01-16 12:27:51 - path:/home/valderlan/NetMonitor/TCPDUMP_and_CICFlowMeter/CICFlowMeters/CICFlowMeterv4/bin/data/daily/2023-01-16_Flow.csv
2023-01-16 13:10:14 - Pcap is listening...
2023-01-16 13:10:36 - Pcap stop listening
2023-01-16 13:10:36 - path:/home/valderlan/NetMonitor/CICFlowMeters/CICFlowMeterv4/bin/data/daily/2023-01-16_Flow.csv
2023-01-16 13:10:50 - Pcap is listening...
2023-01-16 13:11:14 - Pcap stop listening
2023-01-16 13:11:14 - path:/home/valderlan/NetMonitor/CICFlowMeters/CICFlowMeterv4/bin/data/daily/2023-01-16_Flow.csv
2023-01-16 13:11:20 - Pcap is listening...
2023-01-16 13:11:40 - Pcap is listening...
2023-01-16 13:11:53 - Pcap stop listening
2023-01-16 13:11:53 - path:/home/valderlan/NetMonitor/CICFlowMeters/CICFlowMeterv4/bin/data/daily/2023-01-16_Flow.csv
2023-01-16 13:11:55 - Pcap is listening...
2023-01-16 13:12:05 - Pcap stop listening
2023-01-16 13:12:05 - path:/home/valderlan/NetMonitor/CICFlowMeters/CICFlowMeterv4/bin/data/daily/2023-01-16_Flow.csv
2023-01-16 13:12:08 - Pcap is listening...
2023-01-16 13:12:28 - Pcap stop listening
2023-01-16 13:12:28 - path:/home/valderlan/NetMonitor/CICFlowMeters/CICFlowMeterv4/bin/data/daily/2023-01-16_Flow.csv
2023-01-16 13:13:44 - Pcap is listening...
2023-01-16 13:26:56 - Pcap stop listening
2023-01-16 13:26:56 - path:/home/valderlan/NetMonitor/CICFlowMeters/CICFlowMeterv4/bin/data/daily/2023-01-16_Flow.csv
2023-01-16 13:28:39 - Pcap is listening...
2023-01-16 13:37:14 - Pcap stop listening
2023-01-16 13:37:14 - path:/home/valderlan/NetMonitor/CICFlowMeters/CICFlowMeterv4/bin/data/daily/2023-01-16_Flow.csv
2023-01-24 09:45:45 - You select: pcap
2023-01-24 09:45:45 - Out folder: csv
2023-01-24 13:55:58 - You select: csv1
2023-01-24 13:55:58 - Out folder: pcap1
2023-01-24 13:56:46 - You select: csv1
2023-01-24 13:56:46 - Out folder: pcap1
2023-01-24 13:57:59 - You select: pcap1
2023-01-24 13:57:59 - Out folder: csv1
2023-01-24 13:59:29 - You select: pcap
2023-01-24 13:59:29 - Out folder: csv
2023-01-24 14:01:01 - You select: pcap
2023-01-24 14:01:01 - Out folder: csv
2023-01-24 14:04:35 - You select: pcap
2023-01-24 14:04:35 - Out folder: csv
